#
# There is insufficient memory for the Java Runtime Environment to continue.
# Native memory allocation (malloc) failed to allocate 1523552 bytes for Chunk::new
# Possible reasons:
#   The system is out of physical RAM or swap space
#   In 32 bit mode, the process size limit was hit
# Possible solutions:
#   Reduce memory load on the system
#   Increase physical memory or swap space
#   Check if swap backing store is full
#   Use 64 bit Java on a 64 bit OS
#   Decrease Java heap size (-Xmx/-Xms)
#   Decrease number of Java threads
#   Decrease Java thread stack sizes (-Xss)
#   Set larger code cache with -XX:ReservedCodeCacheSize=
# This output file may be truncated or incomplete.
#
#  Out of Memory Error (allocation.cpp:390), pid=21860, tid=0x0000000000000f60
#
# JRE version: OpenJDK Runtime Environment (8.0_152-b01) (build 1.8.0_152-release-1343-b01)
# Java VM: OpenJDK 64-Bit Server VM (25.152-b01 mixed mode windows-amd64 compressed oops)
# Failed to write core dump. Minidumps are not enabled by default on client versions of Windows
#

---------------  T H R E A D  ---------------

Current thread (0x000000001655c800):  JavaThread "C2 CompilerThread0" daemon [_thread_in_native, id=3936, stack(0x0000000017bc0000,0x0000000017cc0000)]

Stack: [0x0000000017bc0000,0x0000000017cc0000]
[error occurred during error reporting (printing stack bounds), id 0xc0000005]

Native frames: (J=compiled Java code, j=interpreted, Vv=VM code, C=native code)


Current CompileTask:
C2:  41707 2130       4       java.net.URLClassLoader$1::run (5 bytes)


---------------  P R O C E S S  ---------------

Java Threads: ( => current thread )
  0x0000000018b88000 JavaThread "Cache worker for file hash cache (C:\Users\ADMIN\AndroidStudioProjects\ProductActivity\.gradle\5.1.1\fileHashes)" [_thread_blocked, id=8864, stack(0x000000001d2b0000,0x000000001d3b0000)]
  0x0000000018b86800 JavaThread "Cache worker for journal cache (C:\Users\ADMIN\.gradle\caches\journal-1)" [_thread_blocked, id=16908, stack(0x000000001b010000,0x000000001b110000)]
  0x00000000186ae800 JavaThread "File lock request listener" [_thread_in_native, id=20412, stack(0x000000001af10000,0x000000001b010000)]
  0x0000000018893800 JavaThread "Cache worker for file hash cache (C:\Users\ADMIN\.gradle\caches\5.1.1\fileHashes)" [_thread_blocked, id=5152, stack(0x000000001ae10000,0x000000001af10000)]
  0x00000000187c1000 JavaThread "Thread-8" [_thread_blocked, id=21444, stack(0x000000001ad10000,0x000000001ae10000)]
  0x00000000187ae000 JavaThread "Stdin handler" [_thread_blocked, id=7508, stack(0x000000001ac10000,0x000000001ad10000)]
  0x00000000187ac000 JavaThread "Asynchronous log dispatcher for DefaultDaemonConnection: socket connection from /127.0.0.1:63320 to /127.0.0.1:63321" [_thread_blocked, id=19336, stack(0x000000001ab10000,0x000000001ac10000)]
  0x0000000018b29800 JavaThread "Daemon worker" [_thread_in_vm, id=16072, stack(0x000000001aa10000,0x000000001ab10000)]
  0x0000000018b29000 JavaThread "Cancel handler" [_thread_blocked, id=15816, stack(0x000000001a910000,0x000000001aa10000)]
  0x0000000018da2800 JavaThread "Handler for socket connection from /127.0.0.1:63320 to /127.0.0.1:63321" [_thread_in_native, id=9064, stack(0x000000001a610000,0x000000001a710000)]
  0x0000000018da1800 JavaThread "Daemon" [_thread_blocked, id=22444, stack(0x000000001a510000,0x000000001a610000)]
  0x0000000019517800 JavaThread "Daemon periodic checks" [_thread_blocked, id=22620, stack(0x000000001a410000,0x000000001a510000)]
  0x000000001808b800 JavaThread "Incoming local TCP Connector on port 63320" [_thread_in_native, id=11676, stack(0x000000001a1d0000,0x000000001a2d0000)]
  0x00000000165bc800 JavaThread "Service Thread" daemon [_thread_blocked, id=6588, stack(0x00000000182c0000,0x00000000183c0000)]
  0x00000000165b6800 JavaThread "C1 CompilerThread2" daemon [_thread_blocked, id=10288, stack(0x0000000017dc0000,0x0000000017ec0000)]
  0x0000000016569800 JavaThread "C2 CompilerThread1" daemon [_thread_blocked, id=17480, stack(0x0000000017cc0000,0x0000000017dc0000)]
=>0x000000001655c800 JavaThread "C2 CompilerThread0" daemon [_thread_in_native, id=3936, stack(0x0000000017bc0000,0x0000000017cc0000)]
  0x000000001655b800 JavaThread "Attach Listener" daemon [_thread_blocked, id=1104, stack(0x0000000017ac0000,0x0000000017bc0000)]
  0x000000001655a000 JavaThread "Signal Dispatcher" daemon [_thread_blocked, id=21492, stack(0x00000000179c0000,0x0000000017ac0000)]
  0x0000000002be6800 JavaThread "Finalizer" daemon [_thread_blocked, id=3104, stack(0x00000000177c0000,0x00000000178c0000)]
  0x0000000002be1000 JavaThread "Reference Handler" daemon [_thread_blocked, id=18188, stack(0x00000000176c0000,0x00000000177c0000)]
  0x00000000011de800 JavaThread "main" [_thread_blocked, id=3928, stack(0x00000000029f0000,0x0000000002af0000)]

Other Threads:
  0x0000000016526800 VMThread [stack: 0x00000000175c0000,0x00000000176c0000] [id=21000]
  0x00000000165bd800 WatcherThread [stack: 0x00000000183c0000,0x00000000184c0000] [id=17940]

VM state:not at safepoint (normal execution)

VM Mutex/Monitor currently owned by a thread: None

Heap:
 PSYoungGen      total 38400K, used 30540K [0x00000000e0000000, 0x00000000e4c80000, 0x0000000100000000)
  eden space 33280K, 78% used [0x00000000e0000000,0x00000000e196f218,0x00000000e2080000)
  from space 5120K, 87% used [0x00000000e2080000,0x00000000e24e3e70,0x00000000e2580000)
  to   space 10240K, 0% used [0x00000000e4280000,0x00000000e4280000,0x00000000e4c80000)
 ParOldGen       total 53248K, used 7590K [0x00000000a0000000, 0x00000000a3400000, 0x00000000e0000000)
  object space 53248K, 14% used [0x00000000a0000000,0x00000000a0769b80,0x00000000a3400000)
 Metaspace       used 28412K, capacity 28844K, committed 29056K, reserved 1075200K
  class space    used 3809K, capacity 3967K, committed 3968K, reserved 1048576K

Card table byte_map: [0x0000000011fb0000,0x00000000122c0000] byte_map_base: 0x0000000011ab0000

Marking Bits: (ParMarkBitMap*) 0x000000005d055aa0
 Begin Bits: [0x00000000128c0000, 0x00000000140c0000)
 End Bits:   [0x00000000140c0000, 0x00000000158c0000)

Polling page: 0x0000000000db0000

CodeCache: size=245760Kb used=7812Kb max_used=7812Kb free=237947Kb
 bounds [0x0000000002bf0000, 0x00000000033a0000, 0x0000000011bf0000]
 total_blobs=2700 nmethods=2034 adapters=579
 compilation: enabled

Compilation events (10 events):
Event: 41.650 Thread 0x00000000165b6800 2209       3       org.objectweb.asm.ClassReader::readInt (52 bytes)
Event: 41.650 Thread 0x00000000165b6800 nmethod 2209 0x0000000003382a90 code [0x0000000003382c00, 0x0000000003382e10]
Event: 41.651 Thread 0x00000000165b6800 2210       3       org.objectweb.asm.ClassReader::readLabel (20 bytes)
Event: 41.651 Thread 0x00000000165b6800 nmethod 2210 0x000000000338f290 code [0x000000000338f420, 0x000000000338f850]
Event: 41.653 Thread 0x00000000165b6800 2211       3       org.objectweb.asm.Type::getArgumentTypes (140 bytes)
Event: 41.656 Thread 0x00000000165b6800 nmethod 2211 0x000000000338fa50 code [0x000000000338fd00, 0x0000000003391108]
Event: 41.656 Thread 0x00000000165b6800 2212       3       org.objectweb.asm.Label::accept (65 bytes)
Event: 41.657 Thread 0x00000000165b6800 nmethod 2212 0x0000000003391a10 code [0x0000000003391bc0, 0x0000000003392148]
Event: 41.658 Thread 0x0000000016569800 2213       4       java.lang.ClassLoader::loadClass (7 bytes)
Event: 41.659 Thread 0x0000000016569800 nmethod 2213 0x00000000033827d0 code [0x0000000003382900, 0x0000000003382978]

GC Heap History (10 events):
Event: 33.461 GC heap before
{Heap before GC invocations=4 (full 0):
 PSYoungGen      total 38400K, used 38384K [0x00000000e0000000, 0x00000000e2a80000, 0x0000000100000000)
  eden space 33280K, 100% used [0x00000000e0000000,0x00000000e2080000,0x00000000e2080000)
  from space 5120K, 99% used [0x00000000e2080000,0x00000000e257c030,0x00000000e2580000)
  to   space 5120K, 0% used [0x00000000e2580000,0x00000000e2580000,0x00000000e2a80000)
 ParOldGen       total 87552K, used 1921K [0x00000000a0000000, 0x00000000a5580000, 0x00000000e0000000)
  object space 87552K, 2% used [0x00000000a0000000,0x00000000a01e0548,0x00000000a5580000)
 Metaspace       used 16334K, capacity 16688K, committed 16896K, reserved 1062912K
  class space    used 2322K, capacity 2456K, committed 2560K, reserved 1048576K
Event: 33.485 GC heap after
Heap after GC invocations=4 (full 0):
 PSYoungGen      total 38400K, used 5120K [0x00000000e0000000, 0x00000000e2a80000, 0x0000000100000000)
  eden space 33280K, 0% used [0x00000000e0000000,0x00000000e0000000,0x00000000e2080000)
  from space 5120K, 100% used [0x00000000e2580000,0x00000000e2a80000,0x00000000e2a80000)
  to   space 5120K, 0% used [0x00000000e2080000,0x00000000e2080000,0x00000000e2580000)
 ParOldGen       total 87552K, used 5156K [0x00000000a0000000, 0x00000000a5580000, 0x00000000e0000000)
  object space 87552K, 5% used [0x00000000a0000000,0x00000000a0509380,0x00000000a5580000)
 Metaspace       used 16334K, capacity 16688K, committed 16896K, reserved 1062912K
  class space    used 2322K, capacity 2456K, committed 2560K, reserved 1048576K
}
Event: 36.887 GC heap before
{Heap before GC invocations=5 (full 0):
 PSYoungGen      total 38400K, used 38400K [0x00000000e0000000, 0x00000000e2a80000, 0x0000000100000000)
  eden space 33280K, 100% used [0x00000000e0000000,0x00000000e2080000,0x00000000e2080000)
  from space 5120K, 100% used [0x00000000e2580000,0x00000000e2a80000,0x00000000e2a80000)
  to   space 5120K, 0% used [0x00000000e2080000,0x00000000e2080000,0x00000000e2580000)
 ParOldGen       total 87552K, used 5156K [0x00000000a0000000, 0x00000000a5580000, 0x00000000e0000000)
  object space 87552K, 5% used [0x00000000a0000000,0x00000000a0509380,0x00000000a5580000)
 Metaspace       used 19653K, capacity 20158K, committed 20224K, reserved 1067008K
  class space    used 2822K, capacity 3023K, committed 3072K, reserved 1048576K
Event: 36.915 GC heap after
Heap after GC invocations=5 (full 0):
 PSYoungGen      total 37888K, used 5104K [0x00000000e0000000, 0x00000000e3500000, 0x0000000100000000)
  eden space 32768K, 0% used [0x00000000e0000000,0x00000000e0000000,0x00000000e2000000)
  from space 5120K, 99% used [0x00000000e2080000,0x00000000e257c040,0x00000000e2580000)
  to   space 10752K, 0% used [0x00000000e2a80000,0x00000000e2a80000,0x00000000e3500000)
 ParOldGen       total 87552K, used 9088K [0x00000000a0000000, 0x00000000a5580000, 0x00000000e0000000)
  object space 87552K, 10% used [0x00000000a0000000,0x00000000a08e0288,0x00000000a5580000)
 Metaspace       used 19653K, capacity 20158K, committed 20224K, reserved 1067008K
  class space    used 2822K, capacity 3023K, committed 3072K, reserved 1048576K
}
Event: 37.340 GC heap before
{Heap before GC invocations=6 (full 0):
 PSYoungGen      total 37888K, used 12147K [0x00000000e0000000, 0x00000000e3500000, 0x0000000100000000)
  eden space 32768K, 21% used [0x00000000e0000000,0x00000000e06e0f10,0x00000000e2000000)
  from space 5120K, 99% used [0x00000000e2080000,0x00000000e257c040,0x00000000e2580000)
  to   space 10752K, 0% used [0x00000000e2a80000,0x00000000e2a80000,0x00000000e3500000)
 ParOldGen       total 87552K, used 9088K [0x00000000a0000000, 0x00000000a5580000, 0x00000000e0000000)
  object space 87552K, 10% used [0x00000000a0000000,0x00000000a08e0288,0x00000000a5580000)
 Metaspace       used 20715K, capacity 21118K, committed 21296K, reserved 1067008K
  class space    used 2909K, capacity 3087K, committed 3200K, reserved 1048576K
Event: 37.361 GC heap after
Heap after GC invocations=6 (full 0):
 PSYoungGen      total 43520K, used 6243K [0x00000000e0000000, 0x00000000e3500000, 0x0000000100000000)
  eden space 32768K, 0% used [0x00000000e0000000,0x00000000e0000000,0x00000000e2000000)
  from space 10752K, 58% used [0x00000000e2a80000,0x00000000e3098da8,0x00000000e3500000)
  to   space 5120K, 0% used [0x00000000e2080000,0x00000000e2080000,0x00000000e2580000)
 ParOldGen       total 87552K, used 9096K [0x00000000a0000000, 0x00000000a5580000, 0x00000000e0000000)
  object space 87552K, 10% used [0x00000000a0000000,0x00000000a08e2288,0x00000000a5580000)
 Metaspace       used 20715K, capacity 21118K, committed 21296K, reserved 1067008K
  class space    used 2909K, capacity 3087K, committed 3200K, reserved 1048576K
}
Event: 37.361 GC heap before
{Heap before GC invocations=7 (full 1):
 PSYoungGen      total 43520K, used 6243K [0x00000000e0000000, 0x00000000e3500000, 0x0000000100000000)
  eden space 32768K, 0% used [0x00000000e0000000,0x00000000e0000000,0x00000000e2000000)
  from space 10752K, 58% used [0x00000000e2a80000,0x00000000e3098da8,0x00000000e3500000)
  to   space 5120K, 0% used [0x00000000e2080000,0x00000000e2080000,0x00000000e2580000)
 ParOldGen       total 87552K, used 9096K [0x00000000a0000000, 0x00000000a5580000, 0x00000000e0000000)
  object space 87552K, 10% used [0x00000000a0000000,0x00000000a08e2288,0x00000000a5580000)
 Metaspace       used 20715K, capacity 21118K, committed 21296K, reserved 1067008K
  class space    used 2909K, capacity 3087K, committed 3200K, reserved 1048576K
Event: 37.528 GC heap after
Heap after GC invocations=7 (full 1):
 PSYoungGen      total 43520K, used 0K [0x00000000e0000000, 0x00000000e3500000, 0x0000000100000000)
  eden space 32768K, 0% used [0x00000000e0000000,0x00000000e0000000,0x00000000e2000000)
  from space 10752K, 0% used [0x00000000e2a80000,0x00000000e2a80000,0x00000000e3500000)
  to   space 5120K, 0% used [0x00000000e2080000,0x00000000e2080000,0x00000000e2580000)
 ParOldGen       total 53248K, used 7582K [0x00000000a0000000, 0x00000000a3400000, 0x00000000e0000000)
  object space 53248K, 14% used [0x00000000a0000000,0x00000000a0767b80,0x00000000a3400000)
 Metaspace       used 20715K, capacity 21118K, committed 21296K, reserved 1067008K
  class space    used 2909K, capacity 3087K, committed 3200K, reserved 1048576K
}
Event: 40.201 GC heap before
{Heap before GC invocations=8 (full 1):
 PSYoungGen      total 43520K, used 32768K [0x00000000e0000000, 0x00000000e3500000, 0x0000000100000000)
  eden space 32768K, 100% used [0x00000000e0000000,0x00000000e2000000,0x00000000e2000000)
  from space 10752K, 0% used [0x00000000e2a80000,0x00000000e2a80000,0x00000000e3500000)
  to   space 5120K, 0% used [0x00000000e2080000,0x00000000e2080000,0x00000000e2580000)
 ParOldGen       total 53248K, used 7582K [0x00000000a0000000, 0x00000000a3400000, 0x00000000e0000000)
  object space 53248K, 14% used [0x00000000a0000000,0x00000000a0767b80,0x00000000a3400000)
 Metaspace       used 25816K, capacity 26250K, committed 26496K, reserved 1073152K
  class space    used 3470K, capacity 3640K, committed 3712K, reserved 1048576K
Event: 40.218 GC heap after
Heap after GC invocations=8 (full 1):
 PSYoungGen      total 38400K, used 4495K [0x00000000e0000000, 0x00000000e4c80000, 0x0000000100000000)
  eden space 33280K, 0% used [0x00000000e0000000,0x00000000e0000000,0x00000000e2080000)
  from space 5120K, 87% used [0x00000000e2080000,0x00000000e24e3e70,0x00000000e2580000)
  to   space 10240K, 0% used [0x00000000e4280000,0x00000000e4280000,0x00000000e4c80000)
 ParOldGen       total 53248K, used 7590K [0x00000000a0000000, 0x00000000a3400000, 0x00000000e0000000)
  object space 53248K, 14% used [0x00000000a0000000,0x00000000a0769b80,0x00000000a3400000)
 Metaspace       used 25816K, capacity 26250K, committed 26496K, reserved 1073152K
  class space    used 3470K, capacity 3640K, committed 3712K, reserved 1048576K
}

Deoptimization events (10 events):
Event: 39.225 Thread 0x0000000018b29800 Uncommon trap: reason=unstable_if action=reinterpret pc=0x0000000002e8acbc method=java.lang.ClassLoader.getClassLoadingLock(Ljava/lang/String;)Ljava/lang/Object; @ 6
Event: 39.229 Thread 0x0000000018b29800 Uncommon trap: reason=unstable_if action=reinterpret pc=0x0000000002d723bc method=java.lang.ClassLoader.getClassLoadingLock(Ljava/lang/String;)Ljava/lang/Object; @ 6
Event: 39.282 Thread 0x0000000018b29800 Uncommon trap: reason=class_check action=maybe_recompile pc=0x000000000316fa70 method=sun.misc.URLClassPath.getLoader(I)Lsun/misc/URLClassPath$Loader; @ 239
Event: 39.317 Thread 0x0000000018b29800 Uncommon trap: reason=class_check action=maybe_recompile pc=0x000000000316fa70 method=sun.misc.URLClassPath.getLoader(I)Lsun/misc/URLClassPath$Loader; @ 239
Event: 40.220 Thread 0x0000000002be1000 Uncommon trap: reason=unstable_if action=reinterpret pc=0x00000000030d6778 method=java.lang.ref.Reference.tryHandlePending(Z)Z @ 104
Event: 40.391 Thread 0x0000000018b29800 Uncommon trap: reason=unstable_if action=reinterpret pc=0x0000000002e9a0a8 method=java.util.HashMap.hash(Ljava/lang/Object;)I @ 1
Event: 40.771 Thread 0x0000000018b29800 Uncommon trap: reason=unstable_if action=reinterpret pc=0x0000000002e593f8 method=java.util.HashMap.getNode(ILjava/lang/Object;)Ljava/util/HashMap$Node; @ 53
Event: 40.771 Thread 0x0000000018b29800 Uncommon trap: reason=unstable_if action=reinterpret pc=0x00000000030736cc method=java.util.HashMap.hash(Ljava/lang/Object;)I @ 1
Event: 40.771 Thread 0x0000000018b29800 Uncommon trap: reason=unstable_if action=reinterpret pc=0x0000000003077454 method=java.util.HashMap.putVal(ILjava/lang/Object;Ljava/lang/Object;ZZ)Ljava/lang/Object; @ 85
Event: 40.997 Thread 0x0000000018b29800 Uncommon trap: reason=unstable_if action=reinterpret pc=0x0000000002ec8430 method=java.util.LinkedHashMap.afterNodeInsertion(Z)V @ 1

Classes redefined (0 events):
No events

Internal exceptions (10 events):
Event: 39.603 Thread 0x0000000018b29800 Exception <a 'java/lang/ClassNotFoundException': org/gradle/api/internal/project/AbstractPluginAwareBeanInfo> (0x00000000e173e798) thrown at [D:\src\AOSP-openjdk-cygwin\jdk8u\hotspot\src\share\vm\classfile\systemDictionary.cpp, line 210]
Event: 39.606 Thread 0x0000000018b29800 Exception <a 'java/lang/ClassNotFoundException': org/gradle/api/internal/project/AbstractPluginAwareCustomizer> (0x00000000e176bff8) thrown at [D:\src\AOSP-openjdk-cygwin\jdk8u\hotspot\src\share\vm\classfile\systemDictionary.cpp, line 210]
Event: 39.610 Thread 0x0000000018b29800 Exception <a 'java/lang/ClassNotFoundException': org/gradle/initialization/DefaultSettingsCustomizer> (0x00000000e179c3c0) thrown at [D:\src\AOSP-openjdk-cygwin\jdk8u\hotspot\src\share\vm\classfile\systemDictionary.cpp, line 210]
Event: 39.620 Thread 0x0000000018b29800 Exception <a 'java/lang/ClassNotFoundException': org/gradle/initialization/DefaultSettings_DecoratedCustomizer> (0x00000000e180b748) thrown at [D:\src\AOSP-openjdk-cygwin\jdk8u\hotspot\src\share\vm\classfile\systemDictionary.cpp, line 210]
Event: 39.791 Thread 0x00000000187c1000 Exception <a 'java/lang/NoSuchMethodError': <clinit>> (0x00000000e000a6f0) thrown at [D:\src\AOSP-openjdk-cygwin\jdk8u\hotspot\src\share\vm\prims\jni.cpp, line 1613]
Event: 39.795 Thread 0x00000000187c1000 Exception <a 'java/lang/NoSuchMethodError': <clinit>> (0x00000000e1a8e840) thrown at [D:\src\AOSP-openjdk-cygwin\jdk8u\hotspot\src\share\vm\prims\jni.cpp, line 1613]
Event: 39.795 Thread 0x00000000187c1000 Exception <a 'java/lang/NoSuchMethodError': <clinit>> (0x00000000e1a8f558) thrown at [D:\src\AOSP-openjdk-cygwin\jdk8u\hotspot\src\share\vm\prims\jni.cpp, line 1613]
Event: 39.795 Thread 0x00000000187c1000 Exception <a 'java/lang/NoSuchMethodError': <clinit>> (0x00000000e1a90b18) thrown at [D:\src\AOSP-openjdk-cygwin\jdk8u\hotspot\src\share\vm\prims\jni.cpp, line 1613]
Event: 40.391 Thread 0x0000000018b29800 Implicit null exception at 0x0000000002e99e95 to 0x0000000002e9a099
Event: 40.771 Thread 0x0000000018b29800 Implicit null exception at 0x000000000307325b to 0x00000000030736b1

Events (10 events):
Event: 41.659 loading class org/gradle/api/internal/tasks/DefaultTaskContainer$RegisterDetails
Event: 41.659 loading class org/gradle/api/internal/tasks/DefaultTaskContainer$RegisterDetails done
Event: 41.661 loading class org/gradle/internal/operations/BuildOperationDescriptor
Event: 41.661 loading class org/gradle/internal/operations/BuildOperationDescriptor done
Event: 41.661 loading class org/gradle/tooling/internal/protocol/events/InternalPluginIdentifier
Event: 41.661 loading class org/gradle/tooling/internal/protocol/events/InternalPluginIdentifier done
Event: 41.661 loading class org/gradle/tooling/internal/provider/runner/TaskOriginTracker
Event: 41.662 loading class org/gradle/tooling/internal/provider/runner/TaskOriginTracker done
Event: 41.664 loading class org/gradle/internal/operations/OperationIdentifier
Event: 41.664 loading class org/gradle/internal/operations/OperationIdentifier done


Dynamic libraries:
0x00007ff7e9960000 - 0x00007ff7e9991000 	C:\Program Files\Android\Android Studio\jre\bin\java.exe
0x00007ff8a8a20000 - 0x00007ff8a8c0d000 	C:\WINDOWS\SYSTEM32\ntdll.dll
0x00007ff8a5d00000 - 0x00007ff8a5db3000 	C:\WINDOWS\System32\KERNEL32.DLL
0x00007ff8a4c70000 - 0x00007ff8a4f03000 	C:\WINDOWS\System32\KERNELBASE.dll
0x00007ff8a88a0000 - 0x00007ff8a8943000 	C:\WINDOWS\System32\ADVAPI32.dll
0x00007ff8a8950000 - 0x00007ff8a89ee000 	C:\WINDOWS\System32\msvcrt.dll
0x00007ff8a8320000 - 0x00007ff8a83be000 	C:\WINDOWS\System32\sechost.dll
0x00007ff8a83c0000 - 0x00007ff8a84e2000 	C:\WINDOWS\System32\RPCRT4.dll
0x00007ff8a8700000 - 0x00007ff8a8897000 	C:\WINDOWS\System32\USER32.dll
0x00007ff8a5c30000 - 0x00007ff8a5c50000 	C:\WINDOWS\System32\win32u.dll
0x00007ff8a61e0000 - 0x00007ff8a6209000 	C:\WINDOWS\System32\GDI32.dll
0x00007ff8a5950000 - 0x00007ff8a5aea000 	C:\WINDOWS\System32\gdi32full.dll
0x00007ff8a4f10000 - 0x00007ff8a4fb0000 	C:\WINDOWS\System32\msvcp_win.dll
0x00007ff8a4af0000 - 0x00007ff8a4bea000 	C:\WINDOWS\System32\ucrtbase.dll
0x00007ff89c630000 - 0x00007ff89c8a9000 	C:\WINDOWS\WinSxS\amd64_microsoft.windows.common-controls_6595b64144ccf1df_6.0.17763.557_none_05b63f68071e5b9f\COMCTL32.dll
0x00007ff8a77b0000 - 0x00007ff8a7adc000 	C:\WINDOWS\System32\combase.dll
0x00007ff8a4bf0000 - 0x00007ff8a4c6e000 	C:\WINDOWS\System32\bcryptPrimitives.dll
0x00007ff8a6220000 - 0x00007ff8a624e000 	C:\WINDOWS\System32\IMM32.DLL
0x000000005c7b0000 - 0x000000005c882000 	C:\Program Files\Android\Android Studio\jre\jre\bin\msvcr100.dll
0x000000005c890000 - 0x000000005d0d1000 	C:\Program Files\Android\Android Studio\jre\jre\bin\server\jvm.dll
0x00007ff8a6210000 - 0x00007ff8a6218000 	C:\WINDOWS\System32\PSAPI.DLL
0x00007ff89fbe0000 - 0x00007ff89fbea000 	C:\WINDOWS\SYSTEM32\VERSION.dll
0x00007ff8a0d30000 - 0x00007ff8a0d54000 	C:\WINDOWS\SYSTEM32\WINMM.dll
0x00007ff88ebe0000 - 0x00007ff88ebe9000 	C:\WINDOWS\SYSTEM32\WSOCK32.dll
0x00007ff8a7740000 - 0x00007ff8a77ad000 	C:\WINDOWS\System32\WS2_32.dll
0x00007ff8a0d00000 - 0x00007ff8a0d2d000 	C:\WINDOWS\SYSTEM32\winmmbase.dll
0x00007ff8a5900000 - 0x00007ff8a594a000 	C:\WINDOWS\System32\cfgmgr32.dll
0x00007ff89ae00000 - 0x00007ff89ae0f000 	C:\Program Files\Android\Android Studio\jre\jre\bin\verify.dll
0x00007ff892e70000 - 0x00007ff892e99000 	C:\Program Files\Android\Android Studio\jre\jre\bin\java.dll
0x00007ff897100000 - 0x00007ff897116000 	C:\Program Files\Android\Android Studio\jre\jre\bin\zip.dll
0x00007ff8a6250000 - 0x00007ff8a7740000 	C:\WINDOWS\System32\SHELL32.dll
0x00007ff8a5c50000 - 0x00007ff8a5cf8000 	C:\WINDOWS\System32\shcore.dll
0x00007ff8a4fb0000 - 0x00007ff8a56fa000 	C:\WINDOWS\System32\windows.storage.dll
0x00007ff8a4ac0000 - 0x00007ff8a4ae4000 	C:\WINDOWS\System32\profapi.dll
0x00007ff8a4a40000 - 0x00007ff8a4a9d000 	C:\WINDOWS\System32\powrprof.dll
0x00007ff8a84f0000 - 0x00007ff8a8542000 	C:\WINDOWS\System32\shlwapi.dll
0x00007ff8a4a20000 - 0x00007ff8a4a31000 	C:\WINDOWS\System32\kernel.appcore.dll
0x00007ff8a58e0000 - 0x00007ff8a58f7000 	C:\WINDOWS\System32\cryptsp.dll
0x00007ff892480000 - 0x00007ff89249a000 	C:\Program Files\Android\Android Studio\jre\jre\bin\net.dll
0x00007ff8a3ec0000 - 0x00007ff8a3f27000 	C:\WINDOWS\system32\mswsock.dll
0x00007ff88da60000 - 0x00007ff88da71000 	C:\Program Files\Android\Android Studio\jre\jre\bin\nio.dll
0x00007ff89ab60000 - 0x00007ff89ab7e000 	C:\Users\ADMIN\.gradle\native\25\windows-amd64\native-platform.dll
0x00007ff89adf0000 - 0x00007ff89adfd000 	C:\Program Files\Android\Android Studio\jre\jre\bin\management.dll
0x00007ff8a3a80000 - 0x00007ff8a3ab3000 	C:\WINDOWS\system32\rsaenh.dll
0x00007ff8a5af0000 - 0x00007ff8a5b16000 	C:\WINDOWS\System32\bcrypt.dll
0x00007ff8a4950000 - 0x00007ff8a4978000 	C:\WINDOWS\SYSTEM32\USERENV.dll
0x00007ff8a4090000 - 0x00007ff8a409c000 	C:\WINDOWS\SYSTEM32\CRYPTBASE.dll
0x00007ff8a3c20000 - 0x00007ff8a3c5d000 	C:\WINDOWS\SYSTEM32\IPHLPAPI.DLL
0x00007ff8a5e20000 - 0x00007ff8a5e28000 	C:\WINDOWS\System32\NSI.dll
0x00007ff8a2fd0000 - 0x00007ff8a2fe6000 	C:\WINDOWS\SYSTEM32\dhcpcsvc6.DLL
0x00007ff8a2fb0000 - 0x00007ff8a2fcc000 	C:\WINDOWS\SYSTEM32\dhcpcsvc.DLL
0x00007ff8a3c60000 - 0x00007ff8a3d26000 	C:\WINDOWS\SYSTEM32\DNSAPI.dll

VM Arguments:
jvm_args: -Xmx1536m -Dfile.encoding=windows-1252 -Duser.country=US -Duser.language=en -Duser.variant 
java_command: org.gradle.launcher.daemon.bootstrap.GradleDaemon 5.1.1
java_class_path (initial): C:\Users\ADMIN\.gradle\wrapper\dists\gradle-5.1.1-all\97z1ksx6lirer3kbvdnh7jtjg\gradle-5.1.1\lib\gradle-launcher-5.1.1.jar
Launcher Type: SUN_STANDARD

Environment Variables:
PATH=C:\Program Files (x86)\Intel\iCLS Client\;C:\Program Files (x86)\Common Files\Oracle\Java\javapath;C:\Program Files\Intel\iCLS Client\;C:\Windows\system32;C:\Windows;C:\Windows\System32\Wbem;C:\Windows\System32\WindowsPowerShell\v1.0\;C:\Program Files (x86)\NVIDIA Corporation\PhysX\Common;C:\WINDOWS\system32;C:\WINDOWS;C:\WINDOWS\System32\Wbem;C:\WINDOWS\System32\WindowsPowerShell\v1.0\;C:\Program Files (x86)\Microsoft SQL Server\100\Tools\Binn\;C:\Program Files\Microsoft SQL Server\100\Tools\Binn\;C:\Program Files\Microsoft SQL Server\100\DTS\Binn\;C:\Program Files (x86)\Microsoft SQL Server\100\Tools\Binn\VSShell\Common7\IDE\;C:\Program Files (x86)\Microsoft SQL Server\100\DTS\Binn\;C:\Program Files (x86)\Microsoft Visual Studio 9.0\Common7\IDE\PrivateAssemblies\;C:\WINDOWS\System32\OpenSSH\;C:\Program Files (x86)\Intel\Intel(R) Management Engine Components\DAL;C:\Program Files\Intel\Intel(R) Management Engine Components\DAL;C:\Program Files (x86)\Intel\Intel(R) Management Engine Components\IPT;C:\Program Files\Intel\Intel(R) Management Engine Components\IPT;C:\Program Files\NVIDIA Corporation\NVIDIA NvDLISR;C:\Program Files\Intel\WiFi\bin\;C:\Program Files\Common Files\Intel\WirelessCommon\;C:\WINDOWS\system32;C:\WINDOWS;C:\WINDOWS\System32\Wbem;C:\WINDOWS\System32\WindowsPowerShell\v1.0\;C:\WINDOWS\System32\OpenSSH\;C:\Program Files\Git\cmd;C:\xampp\php;C:\ProgramData\ComposerSetup\bin;C:\Program Files\nodejs\;C:\Users\ADMIN\AppData\Local\Programs\Python\Python37-32\Scripts\;C:\Users\ADMIN\AppData\Local\Programs\Python\Python37-32\;C:\Users\ADMIN\AppData\Local\Microsoft\WindowsApps;C:\Users\ADMIN\AppData\Local\atom\bin;c:\Program Files\Intel\WiFi\bin\;c:\Program Files\Common Files\Intel\WirelessCommon\;C:\Users\ADMIN\AppData\Local\Microsoft\WindowsApps;C:\Users\ADMIN\AppData\Roaming\Composer\vendor\bin;C:\Users\ADMIN\AppData\Local\Programs\Microsoft VS Code\bin;C:\Users\ADMIN\AppData\Roaming\npm;C:\Program Files\JetBrains\PyCharm 2019.1.2\bin
USERNAME=W.EUGENE.A
OS=Windows_NT
PROCESSOR_IDENTIFIER=Intel64 Family 6 Model 142 Stepping 9, GenuineIntel



---------------  S Y S T E M  ---------------

OS: Windows 10.0 , 64 bit Build 17763 (10.0.17763.475)

CPU:total 4 (initial active 4) (2 cores per cpu, 2 threads per core) family 6 model 142 stepping 9, cmov, cx8, fxsr, mmx, sse, sse2, sse3, ssse3, sse4.1, sse4.2, popcnt, avx, avx2, aes, clmul, erms, 3dnowpref, lzcnt, ht, tsc, tscinvbit, bmi1, bmi2, adx

Memory: 4k page, physical 8271076k(1080468k free), swap 13391076k(5836k free)

vm_info: OpenJDK 64-Bit Server VM (25.152-b01) for windows-amd64 JRE (1.8.0_152-release-1343-b01), built by "builder" with MS VC++ 10.0 (VS2010)

time: Tue Jul 02 16:45:46 2019
elapsed time: 41 seconds (0d 0h 0m 41s)

