#
# There is insufficient memory for the Java Runtime Environment to continue.
# Native memory allocation (malloc) failed to allocate 1699856 bytes for Chunk::new
# Possible reasons:
#   The system is out of physical RAM or swap space
#   In 32 bit mode, the process size limit was hit
# Possible solutions:
#   Reduce memory load on the system
#   Increase physical memory or swap space
#   Check if swap backing store is full
#   Use 64 bit Java on a 64 bit OS
#   Decrease Java heap size (-Xmx/-Xms)
#   Decrease number of Java threads
#   Decrease Java thread stack sizes (-Xss)
#   Set larger code cache with -XX:ReservedCodeCacheSize=
# This output file may be truncated or incomplete.
#
#  Out of Memory Error (allocation.cpp:390), pid=11344, tid=0x00000000000015a0
#
# JRE version: OpenJDK Runtime Environment (8.0_152-b01) (build 1.8.0_152-release-1343-b01)
# Java VM: OpenJDK 64-Bit Server VM (25.152-b01 mixed mode windows-amd64 compressed oops)
# Failed to write core dump. Minidumps are not enabled by default on client versions of Windows
#

---------------  T H R E A D  ---------------

Current thread (0x0000000014ffa800):  JavaThread "C2 CompilerThread1" daemon [_thread_in_native, id=5536, stack(0x0000000016760000,0x0000000016860000)]

Stack: [0x0000000016760000,0x0000000016860000]
[error occurred during error reporting (printing stack bounds), id 0xc0000005]

Native frames: (J=compiled Java code, j=interpreted, Vv=VM code, C=native code)


Current CompileTask:
C2:  43744 4739   !   4       java.net.URLClassLoader$1::run (63 bytes)


---------------  P R O C E S S  ---------------

Java Threads: ( => current thread )
  0x00000000181ec000 JavaThread "Cache worker for Build Output Cleanup Cache (C:\Users\ADMIN\AndroidStudioProjects\ProductActivity\.gradle\buildOutputCleanup)" [_thread_blocked, id=14892, stack(0x0000000020b60000,0x0000000020c60000)]
  0x00000000181e5000 JavaThread "Build operations Thread 4" [_thread_blocked, id=3480, stack(0x0000000020660000,0x0000000020760000)]
  0x00000000181e6800 JavaThread "Build operations Thread 3" [_thread_blocked, id=16712, stack(0x0000000020560000,0x0000000020660000)]
  0x00000000181eb000 JavaThread "Build operations Thread 2" [_thread_blocked, id=15100, stack(0x0000000020460000,0x0000000020560000)]
  0x00000000181e9800 JavaThread "Build operations" [_thread_blocked, id=15696, stack(0x000000001f190000,0x000000001f290000)]
  0x00000000181e8000 JavaThread "Cache worker for execution history cache (C:\Users\ADMIN\.gradle\caches\5.1.1\executionHistory)" [_thread_blocked, id=10692, stack(0x000000001f090000,0x000000001f190000)]
  0x0000000017348000 JavaThread "Cache worker for cache directory md-rule (C:\Users\ADMIN\.gradle\caches\5.1.1\md-rule)" [_thread_blocked, id=18468, stack(0x000000001e9f0000,0x000000001eaf0000)]
  0x0000000017347000 JavaThread "Cache worker for cache directory md-supplier (C:\Users\ADMIN\.gradle\caches\5.1.1\md-supplier)" [_thread_blocked, id=17288, stack(0x000000001e8f0000,0x000000001e9f0000)]
  0x0000000017348800 JavaThread "Cache worker for file hash cache (C:\Users\ADMIN\AndroidStudioProjects\ProductActivity\.gradle\5.1.1\fileHashes)" [_thread_blocked, id=7456, stack(0x000000001bd50000,0x000000001be50000)]
  0x0000000017342800 JavaThread "Cache worker for journal cache (C:\Users\ADMIN\.gradle\caches\journal-1)" [_thread_blocked, id=20000, stack(0x0000000019ab0000,0x0000000019bb0000)]
  0x0000000017343800 JavaThread "File lock request listener" [_thread_in_native, id=19224, stack(0x00000000199b0000,0x0000000019ab0000)]
  0x0000000017380000 JavaThread "Cache worker for file hash cache (C:\Users\ADMIN\.gradle\caches\5.1.1\fileHashes)" [_thread_blocked, id=15152, stack(0x00000000198b0000,0x00000000199b0000)]
  0x0000000017732800 JavaThread "Thread-8" [_thread_blocked, id=20084, stack(0x00000000197b0000,0x00000000198b0000)]
  0x0000000017731000 JavaThread "Stdin handler" [_thread_blocked, id=18220, stack(0x00000000196b0000,0x00000000197b0000)]
  0x0000000017730800 JavaThread "Asynchronous log dispatcher for DefaultDaemonConnection: socket connection from /127.0.0.1:64094 to /127.0.0.1:64095" [_thread_blocked, id=14480, stack(0x00000000195b0000,0x00000000196b0000)]
  0x000000001772d000 JavaThread "Daemon worker" [_thread_in_vm, id=23536, stack(0x00000000192b0000,0x00000000193b0000)]
  0x000000001772b000 JavaThread "Cancel handler" [_thread_blocked, id=6348, stack(0x00000000191b0000,0x00000000192b0000)]
  0x0000000016a94800 JavaThread "Handler for socket connection from /127.0.0.1:64094 to /127.0.0.1:64095" [_thread_in_native, id=11292, stack(0x00000000190b0000,0x00000000191b0000)]
  0x0000000016b0d800 JavaThread "Daemon" [_thread_blocked, id=22492, stack(0x0000000018fb0000,0x00000000190b0000)]
  0x0000000016b15000 JavaThread "Daemon periodic checks" [_thread_blocked, id=19772, stack(0x0000000018eb0000,0x0000000018fb0000)]
  0x0000000016b0a800 JavaThread "Incoming local TCP Connector on port 64094" [_thread_in_native, id=8760, stack(0x0000000018c70000,0x0000000018d70000)]
  0x0000000016967800 JavaThread "Service Thread" daemon [_thread_blocked, id=19896, stack(0x0000000016d60000,0x0000000016e60000)]
  0x0000000015004800 JavaThread "C1 CompilerThread2" daemon [_thread_blocked, id=17020, stack(0x0000000016860000,0x0000000016960000)]
=>0x0000000014ffa800 JavaThread "C2 CompilerThread1" daemon [_thread_in_native, id=5536, stack(0x0000000016760000,0x0000000016860000)]
  0x0000000015008800 JavaThread "C2 CompilerThread0" daemon [_thread_in_native, id=21648, stack(0x0000000016660000,0x0000000016760000)]
  0x0000000015007000 JavaThread "Attach Listener" daemon [_thread_blocked, id=17124, stack(0x0000000016560000,0x0000000016660000)]
  0x0000000015006000 JavaThread "Signal Dispatcher" daemon [_thread_blocked, id=18164, stack(0x0000000016460000,0x0000000016560000)]
  0x000000000286c000 JavaThread "Finalizer" daemon [_thread_blocked, id=1184, stack(0x0000000016260000,0x0000000016360000)]
  0x0000000002861000 JavaThread "Reference Handler" daemon [_thread_blocked, id=22752, stack(0x0000000016160000,0x0000000016260000)]
  0x000000000292e800 JavaThread "main" [_thread_blocked, id=22984, stack(0x0000000000e80000,0x0000000000f80000)]

Other Threads:
  0x0000000014fc6800 VMThread [stack: 0x0000000016060000,0x0000000016160000] [id=10544]
  0x0000000016969000 WatcherThread [stack: 0x0000000016e60000,0x0000000016f60000] [id=18528]

VM state:not at safepoint (normal execution)

VM Mutex/Monitor currently owned by a thread: None

Heap:
 PSYoungGen      total 141312K, used 95670K [0x00000000eab00000, 0x00000000f7600000, 0x0000000100000000)
  eden space 130048K, 64% used [0x00000000eab00000,0x00000000efd70950,0x00000000f2a00000)
  from space 11264K, 99% used [0x00000000f2a00000,0x00000000f34fcfd8,0x00000000f3500000)
  to   space 15872K, 0% used [0x00000000f6680000,0x00000000f6680000,0x00000000f7600000)
 ParOldGen       total 79872K, used 19790K [0x00000000c0000000, 0x00000000c4e00000, 0x00000000eab00000)
  object space 79872K, 24% used [0x00000000c0000000,0x00000000c13539c0,0x00000000c4e00000)
 Metaspace       used 55782K, capacity 57040K, committed 57304K, reserved 1099776K
  class space    used 7513K, capacity 7831K, committed 7936K, reserved 1048576K

Card table byte_map: [0x0000000011cf0000,0x0000000011f00000] byte_map_base: 0x00000000116f0000

Marking Bits: (ParMarkBitMap*) 0x000000005d055aa0
 Begin Bits: [0x0000000012460000, 0x0000000013460000)
 End Bits:   [0x0000000013460000, 0x0000000014460000)

Polling page: 0x0000000000a70000

CodeCache: size=245760Kb used=15477Kb max_used=15477Kb free=230282Kb
 bounds [0x0000000002930000, 0x0000000003860000, 0x0000000011930000]
 total_blobs=5305 nmethods=4518 adapters=699
 compilation: enabled

Compilation events (10 events):
Event: 43.454 Thread 0x0000000015004800 4819       3       org.gradle.internal.service.DefaultServiceRegistry$OwnServices::getService (309 bytes)
Event: 43.461 Thread 0x0000000015004800 nmethod 4819 0x0000000003847b10 code [0x0000000003848020, 0x000000000384b408]
Event: 43.463 Thread 0x0000000015004800 4820   !   3       org.gradle.internal.service.DefaultServiceRegistry$FactoryService::bind (352 bytes)
Event: 43.472 Thread 0x0000000015004800 nmethod 4820 0x000000000384cb50 code [0x000000000384d260, 0x00000000038521c8]
Event: 43.480 Thread 0x0000000015004800 4821   !   3       org.gradle.internal.service.ReflectionBasedServiceMethod::invoke (16 bytes)
Event: 43.481 Thread 0x0000000015004800 nmethod 4821 0x0000000003855050 code [0x00000000038551c0, 0x00000000038553b8]
Event: 43.621 Thread 0x0000000015004800 4822       2       java.lang.ClassLoader::defineClass (43 bytes)
Event: 43.623 Thread 0x0000000015004800 nmethod 4822 0x0000000003855510 code [0x00000000038556c0, 0x00000000038559c8]
Event: 43.736 Thread 0x0000000015004800 4823       2       java.lang.ClassLoader::preDefineClass (109 bytes)
Event: 43.738 Thread 0x0000000015004800 nmethod 4823 0x0000000003855d90 code [0x0000000003855fc0, 0x00000000038567c8]

GC Heap History (10 events):
Event: 21.685 GC heap before
{Heap before GC invocations=7 (full 1):
 PSYoungGen      total 71680K, used 66560K [0x00000000eab00000, 0x00000000f4300000, 0x0000000100000000)
  eden space 66560K, 100% used [0x00000000eab00000,0x00000000eec00000,0x00000000eec00000)
  from space 5120K, 0% used [0x00000000eec00000,0x00000000eec00000,0x00000000ef100000)
  to   space 11264K, 0% used [0x00000000f3800000,0x00000000f3800000,0x00000000f4300000)
 ParOldGen       total 59392K, used 9828K [0x00000000c0000000, 0x00000000c3a00000, 0x00000000eab00000)
  object space 59392K, 16% used [0x00000000c0000000,0x00000000c0999030,0x00000000c3a00000)
 Metaspace       used 28444K, capacity 28804K, committed 29056K, reserved 1075200K
  class space    used 3816K, capacity 3949K, committed 3968K, reserved 1048576K
Event: 21.711 GC heap after
Heap after GC invocations=7 (full 1):
 PSYoungGen      total 116736K, used 7752K [0x00000000eab00000, 0x00000000f4000000, 0x0000000100000000)
  eden space 108544K, 0% used [0x00000000eab00000,0x00000000eab00000,0x00000000f1500000)
  from space 8192K, 94% used [0x00000000f3800000,0x00000000f3f92078,0x00000000f4000000)
  to   space 11264K, 0% used [0x00000000f2a00000,0x00000000f2a00000,0x00000000f3500000)
 ParOldGen       total 59392K, used 9836K [0x00000000c0000000, 0x00000000c3a00000, 0x00000000eab00000)
  object space 59392K, 16% used [0x00000000c0000000,0x00000000c099b030,0x00000000c3a00000)
 Metaspace       used 28444K, capacity 28804K, committed 29056K, reserved 1075200K
  class space    used 3816K, capacity 3949K, committed 3968K, reserved 1048576K
}
Event: 29.258 GC heap before
{Heap before GC invocations=8 (full 1):
 PSYoungGen      total 116736K, used 116296K [0x00000000eab00000, 0x00000000f4000000, 0x0000000100000000)
  eden space 108544K, 100% used [0x00000000eab00000,0x00000000f1500000,0x00000000f1500000)
  from space 8192K, 94% used [0x00000000f3800000,0x00000000f3f92078,0x00000000f4000000)
  to   space 11264K, 0% used [0x00000000f2a00000,0x00000000f2a00000,0x00000000f3500000)
 ParOldGen       total 59392K, used 9836K [0x00000000c0000000, 0x00000000c3a00000, 0x00000000eab00000)
  object space 59392K, 16% used [0x00000000c0000000,0x00000000c099b030,0x00000000c3a00000)
 Metaspace       used 34101K, capacity 34740K, committed 35200K, reserved 1079296K
  class space    used 4704K, capacity 4901K, committed 4992K, reserved 1048576K
Event: 29.296 GC heap after
Heap after GC invocations=8 (full 1):
 PSYoungGen      total 141312K, used 11257K [0x00000000eab00000, 0x00000000f6d00000, 0x0000000100000000)
  eden space 130048K, 0% used [0x00000000eab00000,0x00000000eab00000,0x00000000f2a00000)
  from space 11264K, 99% used [0x00000000f2a00000,0x00000000f34fe790,0x00000000f3500000)
  to   space 13312K, 0% used [0x00000000f6000000,0x00000000f6000000,0x00000000f6d00000)
 ParOldGen       total 59392K, used 11225K [0x00000000c0000000, 0x00000000c3a00000, 0x00000000eab00000)
  object space 59392K, 18% used [0x00000000c0000000,0x00000000c0af6618,0x00000000c3a00000)
 Metaspace       used 34101K, capacity 34740K, committed 35200K, reserved 1079296K
  class space    used 4704K, capacity 4901K, committed 4992K, reserved 1048576K
}
Event: 29.537 GC heap before
{Heap before GC invocations=9 (full 1):
 PSYoungGen      total 141312K, used 16125K [0x00000000eab00000, 0x00000000f6d00000, 0x0000000100000000)
  eden space 130048K, 3% used [0x00000000eab00000,0x00000000eafc0da0,0x00000000f2a00000)
  from space 11264K, 99% used [0x00000000f2a00000,0x00000000f34fe790,0x00000000f3500000)
  to   space 13312K, 0% used [0x00000000f6000000,0x00000000f6000000,0x00000000f6d00000)
 ParOldGen       total 59392K, used 11225K [0x00000000c0000000, 0x00000000c3a00000, 0x00000000eab00000)
  object space 59392K, 18% used [0x00000000c0000000,0x00000000c0af6618,0x00000000c3a00000)
 Metaspace       used 34622K, capacity 35220K, committed 35416K, reserved 1079296K
  class space    used 4783K, capacity 4975K, committed 4992K, reserved 1048576K
Event: 29.565 GC heap after
Heap after GC invocations=9 (full 1):
 PSYoungGen      total 143360K, used 7877K [0x00000000eab00000, 0x00000000f6d00000, 0x0000000100000000)
  eden space 130048K, 0% used [0x00000000eab00000,0x00000000eab00000,0x00000000f2a00000)
  from space 13312K, 59% used [0x00000000f6000000,0x00000000f67b17c0,0x00000000f6d00000)
  to   space 11264K, 0% used [0x00000000f2a00000,0x00000000f2a00000,0x00000000f3500000)
 ParOldGen       total 59392K, used 11233K [0x00000000c0000000, 0x00000000c3a00000, 0x00000000eab00000)
  object space 59392K, 18% used [0x00000000c0000000,0x00000000c0af8618,0x00000000c3a00000)
 Metaspace       used 34622K, capacity 35220K, committed 35416K, reserved 1079296K
  class space    used 4783K, capacity 4975K, committed 4992K, reserved 1048576K
}
Event: 29.565 GC heap before
{Heap before GC invocations=10 (full 2):
 PSYoungGen      total 143360K, used 7877K [0x00000000eab00000, 0x00000000f6d00000, 0x0000000100000000)
  eden space 130048K, 0% used [0x00000000eab00000,0x00000000eab00000,0x00000000f2a00000)
  from space 13312K, 59% used [0x00000000f6000000,0x00000000f67b17c0,0x00000000f6d00000)
  to   space 11264K, 0% used [0x00000000f2a00000,0x00000000f2a00000,0x00000000f3500000)
 ParOldGen       total 59392K, used 11233K [0x00000000c0000000, 0x00000000c3a00000, 0x00000000eab00000)
  object space 59392K, 18% used [0x00000000c0000000,0x00000000c0af8618,0x00000000c3a00000)
 Metaspace       used 34622K, capacity 35220K, committed 35416K, reserved 1079296K
  class space    used 4783K, capacity 4975K, committed 4992K, reserved 1048576K
Event: 29.949 GC heap after
Heap after GC invocations=10 (full 2):
 PSYoungGen      total 143360K, used 0K [0x00000000eab00000, 0x00000000f6d00000, 0x0000000100000000)
  eden space 130048K, 0% used [0x00000000eab00000,0x00000000eab00000,0x00000000f2a00000)
  from space 13312K, 0% used [0x00000000f6000000,0x00000000f6000000,0x00000000f6d00000)
  to   space 11264K, 0% used [0x00000000f2a00000,0x00000000f2a00000,0x00000000f3500000)
 ParOldGen       total 79872K, used 14740K [0x00000000c0000000, 0x00000000c4e00000, 0x00000000eab00000)
  object space 79872K, 18% used [0x00000000c0000000,0x00000000c0e650a8,0x00000000c4e00000)
 Metaspace       used 34606K, capacity 35166K, committed 35416K, reserved 1079296K
  class space    used 4778K, capacity 4966K, committed 4992K, reserved 1048576K
}
Event: 38.537 GC heap before
{Heap before GC invocations=11 (full 2):
 PSYoungGen      total 143360K, used 130048K [0x00000000eab00000, 0x00000000f6d00000, 0x0000000100000000)
  eden space 130048K, 100% used [0x00000000eab00000,0x00000000f2a00000,0x00000000f2a00000)
  from space 13312K, 0% used [0x00000000f6000000,0x00000000f6000000,0x00000000f6d00000)
  to   space 11264K, 0% used [0x00000000f2a00000,0x00000000f2a00000,0x00000000f3500000)
 ParOldGen       total 79872K, used 14740K [0x00000000c0000000, 0x00000000c4e00000, 0x00000000eab00000)
  object space 79872K, 18% used [0x00000000c0000000,0x00000000c0e650a8,0x00000000c4e00000)
 Metaspace       used 46601K, capacity 47446K, committed 47832K, reserved 1091584K
  class space    used 6334K, capacity 6590K, committed 6656K, reserved 1048576K
Event: 38.573 GC heap after
Heap after GC invocations=11 (full 2):
 PSYoungGen      total 141312K, used 11251K [0x00000000eab00000, 0x00000000f7600000, 0x0000000100000000)
  eden space 130048K, 0% used [0x00000000eab00000,0x00000000eab00000,0x00000000f2a00000)
  from space 11264K, 99% used [0x00000000f2a00000,0x00000000f34fcfd8,0x00000000f3500000)
  to   space 15872K, 0% used [0x00000000f6680000,0x00000000f6680000,0x00000000f7600000)
 ParOldGen       total 79872K, used 19790K [0x00000000c0000000, 0x00000000c4e00000, 0x00000000eab00000)
  object space 79872K, 24% used [0x00000000c0000000,0x00000000c13539c0,0x00000000c4e00000)
 Metaspace       used 46601K, capacity 47446K, committed 47832K, reserved 1091584K
  class space    used 6334K, capacity 6590K, committed 6656K, reserved 1048576K
}

Deoptimization events (10 events):
Event: 38.596 Thread 0x000000001772d000 Uncommon trap: reason=bimorphic action=maybe_recompile pc=0x0000000002ee47a4 method=java.io.DataInputStream.readFully([BII)V @ 34
Event: 38.596 Thread 0x000000001772d000 Uncommon trap: reason=bimorphic action=maybe_recompile pc=0x0000000002ee47a4 method=java.io.DataInputStream.readFully([BII)V @ 34
Event: 38.596 Thread 0x000000001772d000 Uncommon trap: reason=bimorphic action=maybe_recompile pc=0x0000000002ee47a4 method=java.io.DataInputStream.readFully([BII)V @ 34
Event: 38.596 Thread 0x000000001772d000 Uncommon trap: reason=bimorphic action=maybe_recompile pc=0x0000000002ee47a4 method=java.io.DataInputStream.readFully([BII)V @ 34
Event: 39.164 Thread 0x000000001772d000 Uncommon trap: reason=unstable_if action=reinterpret pc=0x0000000002eb7858 method=java.util.WeakHashMap.remove(Ljava/lang/Object;)Ljava/lang/Object; @ 94
Event: 39.228 Thread 0x000000001772d000 Uncommon trap: reason=unstable_if action=reinterpret pc=0x0000000002f076a8 method=java.util.regex.Pattern$BmpCharProperty.match(Ljava/util/regex/Matcher;ILjava/lang/CharSequence;)Z @ 34
Event: 40.249 Thread 0x000000001772d000 Uncommon trap: reason=unstable_if action=reinterpret pc=0x000000000365ef74 method=com.sun.org.apache.xerces.internal.impl.XMLEntityScanner.checkBeforeLoad(Lcom/sun/xml/internal/stream/Entity$ScannedEntity;II)I @ 18
Event: 41.711 Thread 0x000000001772d000 Uncommon trap: reason=unstable_if action=reinterpret pc=0x0000000002f14964 method=java.lang.String.lastIndexOf([CII[CIII)I @ 17
Event: 42.133 Thread 0x000000001772d000 Uncommon trap: reason=unstable_if action=reinterpret pc=0x0000000002e96280 method=java.util.concurrent.ConcurrentHashMap.putVal(Ljava/lang/Object;Ljava/lang/Object;Z)Ljava/lang/Object; @ 195
Event: 42.260 Thread 0x000000001772d000 Uncommon trap: reason=unstable_if action=reinterpret pc=0x00000000037cc148 method=kotlin.reflect.jvm.internal.impl.protobuf.CodedInputStream.readRawVarint32()I @ 10

Classes redefined (0 events):
No events

Internal exceptions (10 events):
Event: 40.135 Thread 0x000000001772d000 Exception <a 'sun/nio/fs/WindowsException'> (0x00000000ebde3c30) thrown at [D:\src\AOSP-openjdk-cygwin\jdk8u\hotspot\src\share\vm\prims\jni.cpp, line 709]
Event: 40.419 Thread 0x000000001772d000 Exception <a 'java/lang/NoSuchMethodError': java.lang.Object.lambda$comparing$77a9974f$1(Ljava/util/function/Function;Ljava/lang/Object;Ljava/lang/Object;)I> (0x00000000ebf7ddc8) thrown at [D:\src\AOSP-openjdk-cygwin\jdk8u\hotspot\src\share\vm\interpreter
Event: 40.424 Thread 0x000000001772d000 Exception <a 'java/lang/NoSuchMethodError': java.lang.Object.lambda$thenComparing$36697e65$1(Ljava/util/Comparator;Ljava/lang/Object;Ljava/lang/Object;)I> (0x00000000ebf89630) thrown at [D:\src\AOSP-openjdk-cygwin\jdk8u\hotspot\src\share\vm\interpreter\li
Event: 40.508 Thread 0x000000001772d000 Exception <a 'java/lang/NoSuchMethodError': java.lang.Object.lambda$maxBy$1(Ljava/util/Comparator;Ljava/lang/Object;Ljava/lang/Object;)Ljava/lang/Object;> (0x00000000ec0fdfe0) thrown at [D:\src\AOSP-openjdk-cygwin\jdk8u\hotspot\src\share\vm\interpreter\li
Event: 41.083 Thread 0x000000001772d000 Exception <a 'java/lang/ClassNotFoundException': org/gradle/api/plugins/internal/DefaultBasePluginConventionBeanInfo> (0x00000000ec7c8450) thrown at [D:\src\AOSP-openjdk-cygwin\jdk8u\hotspot\src\share\vm\classfile\systemDictionary.cpp, line 210]
Event: 41.085 Thread 0x000000001772d000 Exception <a 'java/lang/ClassNotFoundException': org/gradle/api/plugins/BasePluginConventionBeanInfo> (0x00000000ec7ef898) thrown at [D:\src\AOSP-openjdk-cygwin\jdk8u\hotspot\src\share\vm\classfile\systemDictionary.cpp, line 210]
Event: 41.086 Thread 0x000000001772d000 Exception <a 'java/lang/ClassNotFoundException': org/gradle/api/plugins/BasePluginConventionCustomizer> (0x00000000ec8176b0) thrown at [D:\src\AOSP-openjdk-cygwin\jdk8u\hotspot\src\share\vm\classfile\systemDictionary.cpp, line 210]
Event: 41.089 Thread 0x000000001772d000 Exception <a 'java/lang/ClassNotFoundException': org/gradle/api/plugins/internal/DefaultBasePluginConventionCustomizer> (0x00000000ec858e18) thrown at [D:\src\AOSP-openjdk-cygwin\jdk8u\hotspot\src\share\vm\classfile\systemDictionary.cpp, line 210]
Event: 41.112 Thread 0x000000001772d000 Exception <a 'java/lang/NoSuchMethodError': java.lang.Object.lambda$comparingInt$7b0bb60$1(Ljava/util/function/ToIntFunction;Ljava/lang/Object;Ljava/lang/Object;)I> (0x00000000ec8cdf68) thrown at [D:\src\AOSP-openjdk-cygwin\jdk8u\hotspot\src\share\vm\inte
Event: 41.120 Thread 0x000000001772d000 Exception <a 'java/lang/NoSuchMethodError': java.lang.Object.lambda$comparing$ea9a8b3a$1(Ljava/util/Comparator;Ljava/util/function/Function;Ljava/lang/Object;Ljava/lang/Object;)I> (0x00000000ec8d8300) thrown at [D:\src\AOSP-openjdk-cygwin\jdk8u\hotspot\sr

Events (10 events):
Event: 43.738 loading class java/util/IdentityHashMap$KeySet
Event: 43.739 loading class java/util/IdentityHashMap$KeySet done
Event: 43.739 loading class org/gradle/api/tasks/TaskProvider
Event: 43.739 loading class org/gradle/api/tasks/TaskProvider done
Event: 43.739 loading class org/gradle/api/execution/TaskExecutionGraph
Event: 43.739 loading class org/gradle/api/execution/TaskExecutionGraph done
Event: 43.741 loading class org/gradle/api/execution/TaskExecutionGraph
Event: 43.741 loading class org/gradle/api/execution/TaskExecutionGraph done
Event: 43.741 loading class com/android/build/gradle/internal/TaskManager
Event: 43.741 loading class com/android/build/gradle/internal/TaskManager done


Dynamic libraries:
0x00007ff7e9960000 - 0x00007ff7e9991000 	C:\Program Files\Android\Android Studio\jre\bin\java.exe
0x00007ff8a8a20000 - 0x00007ff8a8c0d000 	C:\WINDOWS\SYSTEM32\ntdll.dll
0x00007ff8a5d00000 - 0x00007ff8a5db3000 	C:\WINDOWS\System32\KERNEL32.DLL
0x00007ff8a4c70000 - 0x00007ff8a4f03000 	C:\WINDOWS\System32\KERNELBASE.dll
0x00007ff8a88a0000 - 0x00007ff8a8943000 	C:\WINDOWS\System32\ADVAPI32.dll
0x00007ff8a8950000 - 0x00007ff8a89ee000 	C:\WINDOWS\System32\msvcrt.dll
0x00007ff8a8320000 - 0x00007ff8a83be000 	C:\WINDOWS\System32\sechost.dll
0x00007ff8a83c0000 - 0x00007ff8a84e2000 	C:\WINDOWS\System32\RPCRT4.dll
0x00007ff8a8700000 - 0x00007ff8a8897000 	C:\WINDOWS\System32\USER32.dll
0x00007ff8a5c30000 - 0x00007ff8a5c50000 	C:\WINDOWS\System32\win32u.dll
0x00007ff8a61e0000 - 0x00007ff8a6209000 	C:\WINDOWS\System32\GDI32.dll
0x00007ff8a5950000 - 0x00007ff8a5aea000 	C:\WINDOWS\System32\gdi32full.dll
0x00007ff8a4f10000 - 0x00007ff8a4fb0000 	C:\WINDOWS\System32\msvcp_win.dll
0x00007ff8a4af0000 - 0x00007ff8a4bea000 	C:\WINDOWS\System32\ucrtbase.dll
0x00007ff89c630000 - 0x00007ff89c8a9000 	C:\WINDOWS\WinSxS\amd64_microsoft.windows.common-controls_6595b64144ccf1df_6.0.17763.557_none_05b63f68071e5b9f\COMCTL32.dll
0x00007ff8a77b0000 - 0x00007ff8a7adc000 	C:\WINDOWS\System32\combase.dll
0x00007ff8a4bf0000 - 0x00007ff8a4c6e000 	C:\WINDOWS\System32\bcryptPrimitives.dll
0x00007ff8a6220000 - 0x00007ff8a624e000 	C:\WINDOWS\System32\IMM32.DLL
0x000000005c7b0000 - 0x000000005c882000 	C:\Program Files\Android\Android Studio\jre\jre\bin\msvcr100.dll
0x000000005c890000 - 0x000000005d0d1000 	C:\Program Files\Android\Android Studio\jre\jre\bin\server\jvm.dll
0x00007ff8a6210000 - 0x00007ff8a6218000 	C:\WINDOWS\System32\PSAPI.DLL
0x00007ff88ebe0000 - 0x00007ff88ebe9000 	C:\WINDOWS\SYSTEM32\WSOCK32.dll
0x00007ff8a7740000 - 0x00007ff8a77ad000 	C:\WINDOWS\System32\WS2_32.dll
0x00007ff8a0d30000 - 0x00007ff8a0d54000 	C:\WINDOWS\SYSTEM32\WINMM.dll
0x00007ff89fbe0000 - 0x00007ff89fbea000 	C:\WINDOWS\SYSTEM32\VERSION.dll
0x00007ff8a0d00000 - 0x00007ff8a0d2d000 	C:\WINDOWS\SYSTEM32\WINMMBASE.dll
0x00007ff8a5900000 - 0x00007ff8a594a000 	C:\WINDOWS\System32\cfgmgr32.dll
0x00007ff89ae00000 - 0x00007ff89ae0f000 	C:\Program Files\Android\Android Studio\jre\jre\bin\verify.dll
0x00007ff892e70000 - 0x00007ff892e99000 	C:\Program Files\Android\Android Studio\jre\jre\bin\java.dll
0x00007ff897100000 - 0x00007ff897116000 	C:\Program Files\Android\Android Studio\jre\jre\bin\zip.dll
0x00007ff8a6250000 - 0x00007ff8a7740000 	C:\WINDOWS\System32\SHELL32.dll
0x00007ff8a5c50000 - 0x00007ff8a5cf8000 	C:\WINDOWS\System32\shcore.dll
0x00007ff8a4fb0000 - 0x00007ff8a56fa000 	C:\WINDOWS\System32\windows.storage.dll
0x00007ff8a4ac0000 - 0x00007ff8a4ae4000 	C:\WINDOWS\System32\profapi.dll
0x00007ff8a4a40000 - 0x00007ff8a4a9d000 	C:\WINDOWS\System32\powrprof.dll
0x00007ff8a84f0000 - 0x00007ff8a8542000 	C:\WINDOWS\System32\shlwapi.dll
0x00007ff8a4a20000 - 0x00007ff8a4a31000 	C:\WINDOWS\System32\kernel.appcore.dll
0x00007ff8a58e0000 - 0x00007ff8a58f7000 	C:\WINDOWS\System32\cryptsp.dll
0x00007ff892480000 - 0x00007ff89249a000 	C:\Program Files\Android\Android Studio\jre\jre\bin\net.dll
0x00007ff8a3ec0000 - 0x00007ff8a3f27000 	C:\WINDOWS\system32\mswsock.dll
0x00007ff88da60000 - 0x00007ff88da71000 	C:\Program Files\Android\Android Studio\jre\jre\bin\nio.dll
0x00007ff89ab60000 - 0x00007ff89ab7e000 	C:\Users\ADMIN\.gradle\native\25\windows-amd64\native-platform.dll
0x00007ff89adf0000 - 0x00007ff89adfd000 	C:\Program Files\Android\Android Studio\jre\jre\bin\management.dll
0x00007ff8a3a80000 - 0x00007ff8a3ab3000 	C:\WINDOWS\system32\rsaenh.dll
0x00007ff8a5af0000 - 0x00007ff8a5b16000 	C:\WINDOWS\System32\bcrypt.dll
0x00007ff8a4950000 - 0x00007ff8a4978000 	C:\WINDOWS\SYSTEM32\USERENV.dll
0x00007ff8a4090000 - 0x00007ff8a409c000 	C:\WINDOWS\SYSTEM32\CRYPTBASE.dll
0x00007ff8a3c20000 - 0x00007ff8a3c5d000 	C:\WINDOWS\SYSTEM32\IPHLPAPI.DLL
0x00007ff8a5e20000 - 0x00007ff8a5e28000 	C:\WINDOWS\System32\NSI.dll
0x00007ff8a2fd0000 - 0x00007ff8a2fe6000 	C:\WINDOWS\SYSTEM32\dhcpcsvc6.DLL
0x00007ff8a2fb0000 - 0x00007ff8a2fcc000 	C:\WINDOWS\SYSTEM32\dhcpcsvc.DLL
0x00007ff8a3c60000 - 0x00007ff8a3d26000 	C:\WINDOWS\SYSTEM32\DNSAPI.dll

VM Arguments:
jvm_args: -Xmx1024m -Dfile.encoding=windows-1252 -Duser.country=US -Duser.language=en -Duser.variant 
java_command: org.gradle.launcher.daemon.bootstrap.GradleDaemon 5.1.1
java_class_path (initial): C:\Users\ADMIN\.gradle\wrapper\dists\gradle-5.1.1-all\97z1ksx6lirer3kbvdnh7jtjg\gradle-5.1.1\lib\gradle-launcher-5.1.1.jar
Launcher Type: SUN_STANDARD

Environment Variables:
PATH=C:\Program Files (x86)\Intel\iCLS Client\;C:\Program Files (x86)\Common Files\Oracle\Java\javapath;C:\Program Files\Intel\iCLS Client\;C:\Windows\system32;C:\Windows;C:\Windows\System32\Wbem;C:\Windows\System32\WindowsPowerShell\v1.0\;C:\Program Files (x86)\NVIDIA Corporation\PhysX\Common;C:\WINDOWS\system32;C:\WINDOWS;C:\WINDOWS\System32\Wbem;C:\WINDOWS\System32\WindowsPowerShell\v1.0\;C:\Program Files (x86)\Microsoft SQL Server\100\Tools\Binn\;C:\Program Files\Microsoft SQL Server\100\Tools\Binn\;C:\Program Files\Microsoft SQL Server\100\DTS\Binn\;C:\Program Files (x86)\Microsoft SQL Server\100\Tools\Binn\VSShell\Common7\IDE\;C:\Program Files (x86)\Microsoft SQL Server\100\DTS\Binn\;C:\Program Files (x86)\Microsoft Visual Studio 9.0\Common7\IDE\PrivateAssemblies\;C:\WINDOWS\System32\OpenSSH\;C:\Program Files (x86)\Intel\Intel(R) Management Engine Components\DAL;C:\Program Files\Intel\Intel(R) Management Engine Components\DAL;C:\Program Files (x86)\Intel\Intel(R) Management Engine Components\IPT;C:\Program Files\Intel\Intel(R) Management Engine Components\IPT;C:\Program Files\NVIDIA Corporation\NVIDIA NvDLISR;C:\Program Files\Intel\WiFi\bin\;C:\Program Files\Common Files\Intel\WirelessCommon\;C:\WINDOWS\system32;C:\WINDOWS;C:\WINDOWS\System32\Wbem;C:\WINDOWS\System32\WindowsPowerShell\v1.0\;C:\WINDOWS\System32\OpenSSH\;C:\Program Files\Git\cmd;C:\xampp\php;C:\ProgramData\ComposerSetup\bin;C:\Program Files\nodejs\;C:\Users\ADMIN\AppData\Local\Programs\Python\Python37-32\Scripts\;C:\Users\ADMIN\AppData\Local\Programs\Python\Python37-32\;C:\Users\ADMIN\AppData\Local\Microsoft\WindowsApps;C:\Users\ADMIN\AppData\Local\atom\bin;c:\Program Files\Intel\WiFi\bin\;c:\Program Files\Common Files\Intel\WirelessCommon\;C:\Users\ADMIN\AppData\Local\Microsoft\WindowsApps;C:\Users\ADMIN\AppData\Roaming\Composer\vendor\bin;C:\Users\ADMIN\AppData\Local\Programs\Microsoft VS Code\bin;C:\Users\ADMIN\AppData\Roaming\npm;C:\Program Files\JetBrains\PyCharm 2019.1.2\bin
USERNAME=W.EUGENE.A
OS=Windows_NT
PROCESSOR_IDENTIFIER=Intel64 Family 6 Model 142 Stepping 9, GenuineIntel



---------------  S Y S T E M  ---------------

OS: Windows 10.0 , 64 bit Build 17763 (10.0.17763.475)

CPU:total 4 (initial active 4) (2 cores per cpu, 2 threads per core) family 6 model 142 stepping 9, cmov, cx8, fxsr, mmx, sse, sse2, sse3, ssse3, sse4.1, sse4.2, popcnt, avx, avx2, aes, clmul, erms, 3dnowpref, lzcnt, ht, tsc, tscinvbit, bmi1, bmi2, adx

Memory: 4k page, physical 8271076k(746884k free), swap 13391076k(5664k free)

vm_info: OpenJDK 64-Bit Server VM (25.152-b01) for windows-amd64 JRE (1.8.0_152-release-1343-b01), built by "builder" with MS VC++ 10.0 (VS2010)

time: Tue Jul 02 17:00:58 2019
elapsed time: 43 seconds (0d 0h 0m 43s)

