#
# There is insufficient memory for the Java Runtime Environment to continue.
# Native memory allocation (malloc) failed to allocate 474096 bytes for Chunk::new
# Possible reasons:
#   The system is out of physical RAM or swap space
#   In 32 bit mode, the process size limit was hit
# Possible solutions:
#   Reduce memory load on the system
#   Increase physical memory or swap space
#   Check if swap backing store is full
#   Use 64 bit Java on a 64 bit OS
#   Decrease Java heap size (-Xmx/-Xms)
#   Decrease number of Java threads
#   Decrease Java thread stack sizes (-Xss)
#   Set larger code cache with -XX:ReservedCodeCacheSize=
# This output file may be truncated or incomplete.
#
#  Out of Memory Error (allocation.cpp:390), pid=9496, tid=0x0000000000004afc
#
# JRE version: OpenJDK Runtime Environment (8.0_152-b01) (build 1.8.0_152-release-1343-b01)
# Java VM: OpenJDK 64-Bit Server VM (25.152-b01 mixed mode windows-amd64 compressed oops)
# Failed to write core dump. Minidumps are not enabled by default on client versions of Windows
#

---------------  T H R E A D  ---------------

Current thread (0x000000001634a800):  JavaThread "C2 CompilerThread0" daemon [_thread_in_native, id=19196, stack(0x0000000017990000,0x0000000017a90000)]

Stack: [0x0000000017990000,0x0000000017a90000]
[error occurred during error reporting (printing stack bounds), id 0xc0000005]

Native frames: (J=compiled Java code, j=interpreted, Vv=VM code, C=native code)


Current CompileTask:
C2:  41966 6388       4       org.gradle.cache.internal.btree.CachingBlockStore::read (56 bytes)


---------------  P R O C E S S  ---------------

Java Threads: ( => current thread )
  0x000000001cbc2000 JavaThread "Cache worker for execution history cache (C:\Users\ADMIN\AndroidStudioProjects\ProductActivity\.gradle\5.1.1\executionHistory)" [_thread_blocked, id=6920, stack(0x0000000023a10000,0x0000000023b10000)]
  0x000000001cbc1800 JavaThread "Execution worker for ':' Thread 3" [_thread_blocked, id=21668, stack(0x0000000023910000,0x0000000023a10000)]
  0x000000001cbc0800 JavaThread "Execution worker for ':' Thread 2" [_thread_blocked, id=22636, stack(0x0000000023810000,0x0000000023910000)]
  0x000000001cbc7800 JavaThread "Execution worker for ':'" [_thread_blocked, id=8872, stack(0x0000000023710000,0x0000000023810000)]
  0x000000001cbc6800 JavaThread "Cache worker for file content cache (C:\Users\ADMIN\AndroidStudioProjects\ProductActivity\.gradle\5.1.1\fileContent)" [_thread_blocked, id=16908, stack(0x0000000023410000,0x0000000023510000)]
  0x000000001cbc3000 JavaThread "Cache worker for file content cache (C:\Users\ADMIN\.gradle\caches\5.1.1\fileContent)" [_thread_blocked, id=21208, stack(0x0000000023310000,0x0000000023410000)]
  0x000000001cbc6000 JavaThread "Memory manager" [_thread_blocked, id=21220, stack(0x0000000023210000,0x0000000023310000)]
  0x000000001cbbe800 JavaThread "Cache worker for Build Output Cleanup Cache (C:\Users\ADMIN\AndroidStudioProjects\ProductActivity\.gradle\buildOutputCleanup)" [_thread_blocked, id=11352, stack(0x0000000021f10000,0x0000000022010000)]
  0x000000001cbbb800 JavaThread "Build operations Thread 4" [_thread_blocked, id=13740, stack(0x0000000021a10000,0x0000000021b10000)]
  0x000000001cbbc000 JavaThread "Build operations Thread 3" [_thread_blocked, id=18560, stack(0x0000000021910000,0x0000000021a10000)]
  0x000000001cbbd000 JavaThread "Build operations Thread 2" [_thread_blocked, id=19028, stack(0x0000000021810000,0x0000000021910000)]
  0x000000001cbbf000 JavaThread "Build operations" [_thread_blocked, id=14448, stack(0x0000000021710000,0x0000000021810000)]
  0x000000001cbba800 JavaThread "Cache worker for execution history cache (C:\Users\ADMIN\.gradle\caches\5.1.1\executionHistory)" [_thread_blocked, id=13888, stack(0x00000000210e0000,0x00000000211e0000)]
  0x0000000019217000 JavaThread "Cache worker for cache directory md-rule (C:\Users\ADMIN\.gradle\caches\5.1.1\md-rule)" [_thread_blocked, id=12936, stack(0x0000000020fe0000,0x00000000210e0000)]
  0x0000000019218800 JavaThread "Cache worker for cache directory md-supplier (C:\Users\ADMIN\.gradle\caches\5.1.1\md-supplier)" [_thread_blocked, id=20524, stack(0x0000000020ee0000,0x0000000020fe0000)]
  0x0000000019217800 JavaThread "Cache worker for file hash cache (C:\Users\ADMIN\AndroidStudioProjects\ProductActivity\.gradle\5.1.1\fileHashes)" [_thread_in_native, id=21860, stack(0x000000001d080000,0x000000001d180000)]
  0x0000000019216000 JavaThread "Cache worker for journal cache (C:\Users\ADMIN\.gradle\caches\journal-1)" [_thread_blocked, id=15732, stack(0x000000001ade0000,0x000000001aee0000)]
  0x000000001921a000 JavaThread "File lock request listener" [_thread_in_native, id=3928, stack(0x000000001ace0000,0x000000001ade0000)]
  0x000000001886d000 JavaThread "Cache worker for file hash cache (C:\Users\ADMIN\.gradle\caches\5.1.1\fileHashes)" [_thread_blocked, id=12560, stack(0x000000001abe0000,0x000000001ace0000)]
  0x000000001871e000 JavaThread "Thread-8" [_thread_blocked, id=23228, stack(0x000000001aae0000,0x000000001abe0000)]
  0x000000001870f000 JavaThread "Stdin handler" [_thread_blocked, id=19916, stack(0x000000001a9e0000,0x000000001aae0000)]
  0x000000001870e800 JavaThread "Asynchronous log dispatcher for DefaultDaemonConnection: socket connection from /127.0.0.1:63929 to /127.0.0.1:63930" [_thread_blocked, id=11684, stack(0x000000001a8e0000,0x000000001a9e0000)]
  0x000000001870a800 JavaThread "Daemon worker" [_thread_blocked, id=7388, stack(0x000000001a5e0000,0x000000001a6e0000)]
  0x0000000018707800 JavaThread "Cancel handler" [_thread_blocked, id=8816, stack(0x000000001a4e0000,0x000000001a5e0000)]
  0x0000000017f05000 JavaThread "Handler for socket connection from /127.0.0.1:63929 to /127.0.0.1:63930" [_thread_in_native, id=23408, stack(0x000000001a3e0000,0x000000001a4e0000)]
  0x0000000017f00800 JavaThread "Daemon" [_thread_blocked, id=20040, stack(0x000000001a2e0000,0x000000001a3e0000)]
  0x0000000018581800 JavaThread "Daemon periodic checks" [_thread_blocked, id=17716, stack(0x000000001a1e0000,0x000000001a2e0000)]
  0x0000000017e6b800 JavaThread "Incoming local TCP Connector on port 63929" [_thread_in_native, id=16668, stack(0x0000000019fa0000,0x000000001a0a0000)]
  0x0000000017cb0800 JavaThread "Service Thread" daemon [_thread_blocked, id=20896, stack(0x0000000018090000,0x0000000018190000)]
  0x0000000016340800 JavaThread "C1 CompilerThread2" daemon [_thread_blocked, id=10028, stack(0x0000000017b90000,0x0000000017c90000)]
  0x000000001633d800 JavaThread "C2 CompilerThread1" daemon [_thread_in_native, id=19936, stack(0x0000000017a90000,0x0000000017b90000)]
=>0x000000001634a800 JavaThread "C2 CompilerThread0" daemon [_thread_in_native, id=19196, stack(0x0000000017990000,0x0000000017a90000)]
  0x0000000016349800 JavaThread "Attach Listener" daemon [_thread_blocked, id=12324, stack(0x0000000017890000,0x0000000017990000)]
  0x0000000016348000 JavaThread "Signal Dispatcher" daemon [_thread_blocked, id=12888, stack(0x0000000017790000,0x0000000017890000)]
  0x0000000016329800 JavaThread "Finalizer" daemon [_thread_blocked, id=17480, stack(0x0000000017590000,0x0000000017690000)]
  0x00000000029c3000 JavaThread "Reference Handler" daemon [_thread_blocked, id=1104, stack(0x0000000017490000,0x0000000017590000)]
  0x00000000028ce800 JavaThread "main" [_thread_blocked, id=23356, stack(0x0000000002700000,0x0000000002800000)]

Other Threads:
  0x0000000016306800 VMThread [stack: 0x0000000017390000,0x0000000017490000] [id=20472]
  0x0000000017cb1000 WatcherThread [stack: 0x0000000018190000,0x0000000018290000] [id=15904]

VM state:not at safepoint (normal execution)

VM Mutex/Monitor currently owned by a thread: None

Heap:
 PSYoungGen      total 159744K, used 70259K [0x00000000e0000000, 0x00000000ed580000, 0x0000000100000000)
  eden space 145920K, 48% used [0x00000000e0000000,0x00000000e449cd10,0x00000000e8e80000)
  from space 13824K, 0% used [0x00000000e8e80000,0x00000000e8e80000,0x00000000e9c00000)
  to   space 18432K, 0% used [0x00000000ec380000,0x00000000ec380000,0x00000000ed580000)
 ParOldGen       total 131584K, used 34734K [0x00000000a0000000, 0x00000000a8080000, 0x00000000e0000000)
  object space 131584K, 26% used [0x00000000a0000000,0x00000000a21eb9b0,0x00000000a8080000)
 Metaspace       used 59994K, capacity 61684K, committed 62040K, reserved 1103872K
  class space    used 8115K, capacity 8469K, committed 8576K, reserved 1048576K

Card table byte_map: [0x0000000011d90000,0x00000000120a0000] byte_map_base: 0x0000000011890000

Marking Bits: (ParMarkBitMap*) 0x000000005d055aa0
 Begin Bits: [0x00000000126a0000, 0x0000000013ea0000)
 End Bits:   [0x0000000013ea0000, 0x00000000156a0000)

Polling page: 0x00000000005f0000

CodeCache: size=245760Kb used=17788Kb max_used=17788Kb free=227971Kb
 bounds [0x00000000029d0000, 0x0000000003b50000, 0x00000000119d0000]
 total_blobs=6433 nmethods=5638 adapters=707
 compilation: enabled

Compilation events (10 events):
Event: 41.935 Thread 0x0000000016340800 6402       3       org.gradle.internal.resources.AbstractTrackedResourceLock::failIfNotInResourceLockStateChange (23 bytes)
Event: 41.935 Thread 0x0000000016340800 nmethod 6402 0x0000000003b36a90 code [0x0000000003b36c20, 0x0000000003b36ef8]
Event: 41.940 Thread 0x0000000016340800 6403       3       org.gradle.internal.fingerprint.impl.DefaultCurrentFileCollectionFingerprint$1::preVisitDirectory (18 bytes)
Event: 41.941 Thread 0x0000000016340800 nmethod 6403 0x0000000003b36550 code [0x0000000003b366c0, 0x0000000003b369a8]
Event: 41.941 Thread 0x0000000016340800 6404       3       sun.nio.fs.WindowsChannelFactory::newFileChannel (130 bytes)
Event: 41.942 Thread 0x0000000016340800 nmethod 6404 0x0000000003b35a90 code [0x0000000003b35c60, 0x0000000003b362a8]
Event: 41.942 Thread 0x0000000016340800 6405       3       org.gradle.tooling.internal.provider.events.AbstractResult::<init> (21 bytes)
Event: 41.943 Thread 0x0000000016340800 nmethod 6405 0x0000000003b355d0 code [0x0000000003b35720, 0x0000000003b358f0]
Event: 41.943 Thread 0x0000000016340800 6406   !   3       org.gradle.api.internal.artifacts.ivyservice.ResolvedFilesCollectingVisitor::visitArtifact (38 bytes)
Event: 41.944 Thread 0x0000000016340800 nmethod 6406 0x0000000003b42710 code [0x0000000003b428a0, 0x0000000003b42c48]

GC Heap History (10 events):
Event: 21.151 GC heap before
{Heap before GC invocations=10 (full 1):
 PSYoungGen      total 118272K, used 55925K [0x00000000e0000000, 0x00000000e8100000, 0x0000000100000000)
  eden space 109568K, 43% used [0x00000000e0000000,0x00000000e2e39c78,0x00000000e6b00000)
  from space 8704K, 98% used [0x00000000e7880000,0x00000000e80e3950,0x00000000e8100000)
  to   space 10752K, 0% used [0x00000000e6c00000,0x00000000e6c00000,0x00000000e7680000)
 ParOldGen       total 55296K, used 7405K [0x00000000a0000000, 0x00000000a3600000, 0x00000000e0000000)
  object space 55296K, 13% used [0x00000000a0000000,0x00000000a073b588,0x00000000a3600000)
 Metaspace       used 34662K, capacity 35254K, committed 35416K, reserved 1079296K
  class space    used 4785K, capacity 4970K, committed 4992K, reserved 1048576K
Event: 21.203 GC heap after
Heap after GC invocations=10 (full 1):
 PSYoungGen      total 121344K, used 9587K [0x00000000e0000000, 0x00000000ea980000, 0x0000000100000000)
  eden space 110592K, 0% used [0x00000000e0000000,0x00000000e0000000,0x00000000e6c00000)
  from space 10752K, 89% used [0x00000000e6c00000,0x00000000e755cec8,0x00000000e7680000)
  to   space 11776K, 0% used [0x00000000e9e00000,0x00000000e9e00000,0x00000000ea980000)
 ParOldGen       total 55296K, used 7413K [0x00000000a0000000, 0x00000000a3600000, 0x00000000e0000000)
  object space 55296K, 13% used [0x00000000a0000000,0x00000000a073d588,0x00000000a3600000)
 Metaspace       used 34662K, capacity 35254K, committed 35416K, reserved 1079296K
  class space    used 4785K, capacity 4970K, committed 4992K, reserved 1048576K
}
Event: 21.203 GC heap before
{Heap before GC invocations=11 (full 2):
 PSYoungGen      total 121344K, used 9587K [0x00000000e0000000, 0x00000000ea980000, 0x0000000100000000)
  eden space 110592K, 0% used [0x00000000e0000000,0x00000000e0000000,0x00000000e6c00000)
  from space 10752K, 89% used [0x00000000e6c00000,0x00000000e755cec8,0x00000000e7680000)
  to   space 11776K, 0% used [0x00000000e9e00000,0x00000000e9e00000,0x00000000ea980000)
 ParOldGen       total 55296K, used 7413K [0x00000000a0000000, 0x00000000a3600000, 0x00000000e0000000)
  object space 55296K, 13% used [0x00000000a0000000,0x00000000a073d588,0x00000000a3600000)
 Metaspace       used 34662K, capacity 35254K, committed 35416K, reserved 1079296K
  class space    used 4785K, capacity 4970K, committed 4992K, reserved 1048576K
Event: 21.466 GC heap after
Heap after GC invocations=11 (full 2):
 PSYoungGen      total 121344K, used 0K [0x00000000e0000000, 0x00000000ea980000, 0x0000000100000000)
  eden space 110592K, 0% used [0x00000000e0000000,0x00000000e0000000,0x00000000e6c00000)
  from space 10752K, 0% used [0x00000000e6c00000,0x00000000e6c00000,0x00000000e7680000)
  to   space 11776K, 0% used [0x00000000e9e00000,0x00000000e9e00000,0x00000000ea980000)
 ParOldGen       total 84480K, used 16353K [0x00000000a0000000, 0x00000000a5280000, 0x00000000e0000000)
  object space 84480K, 19% used [0x00000000a0000000,0x00000000a0ff87e8,0x00000000a5280000)
 Metaspace       used 34655K, capacity 35230K, committed 35416K, reserved 1079296K
  class space    used 4783K, capacity 4966K, committed 4992K, reserved 1048576K
}
Event: 28.328 GC heap before
{Heap before GC invocations=12 (full 2):
 PSYoungGen      total 121344K, used 110592K [0x00000000e0000000, 0x00000000ea980000, 0x0000000100000000)
  eden space 110592K, 100% used [0x00000000e0000000,0x00000000e6c00000,0x00000000e6c00000)
  from space 10752K, 0% used [0x00000000e6c00000,0x00000000e6c00000,0x00000000e7680000)
  to   space 11776K, 0% used [0x00000000e9e00000,0x00000000e9e00000,0x00000000ea980000)
 ParOldGen       total 84480K, used 16353K [0x00000000a0000000, 0x00000000a5280000, 0x00000000e0000000)
  object space 84480K, 19% used [0x00000000a0000000,0x00000000a0ff87e8,0x00000000a5280000)
 Metaspace       used 44693K, capacity 45552K, committed 46040K, reserved 1089536K
  class space    used 6031K, capacity 6295K, committed 6400K, reserved 1048576K
Event: 28.394 GC heap after
Heap after GC invocations=12 (full 2):
 PSYoungGen      total 154624K, used 11771K [0x00000000e0000000, 0x00000000ea980000, 0x0000000100000000)
  eden space 142848K, 0% used [0x00000000e0000000,0x00000000e0000000,0x00000000e8b80000)
  from space 11776K, 99% used [0x00000000e9e00000,0x00000000ea97ec18,0x00000000ea980000)
  to   space 13824K, 0% used [0x00000000e8e80000,0x00000000e8e80000,0x00000000e9c00000)
 ParOldGen       total 84480K, used 18799K [0x00000000a0000000, 0x00000000a5280000, 0x00000000e0000000)
  object space 84480K, 22% used [0x00000000a0000000,0x00000000a125bf98,0x00000000a5280000)
 Metaspace       used 44693K, capacity 45552K, committed 46040K, reserved 1089536K
  class space    used 6031K, capacity 6295K, committed 6400K, reserved 1048576K
}
Event: 35.095 GC heap before
{Heap before GC invocations=13 (full 2):
 PSYoungGen      total 154624K, used 140026K [0x00000000e0000000, 0x00000000ea980000, 0x0000000100000000)
  eden space 142848K, 89% used [0x00000000e0000000,0x00000000e7d3fca8,0x00000000e8b80000)
  from space 11776K, 99% used [0x00000000e9e00000,0x00000000ea97ec18,0x00000000ea980000)
  to   space 13824K, 0% used [0x00000000e8e80000,0x00000000e8e80000,0x00000000e9c00000)
 ParOldGen       total 84480K, used 18799K [0x00000000a0000000, 0x00000000a5280000, 0x00000000e0000000)
  object space 84480K, 22% used [0x00000000a0000000,0x00000000a125bf98,0x00000000a5280000)
 Metaspace       used 57574K, capacity 58982K, committed 59028K, reserved 1099776K
  class space    used 7787K, capacity 8148K, committed 8192K, reserved 1048576K
Event: 35.148 GC heap after
Heap after GC invocations=13 (full 2):
 PSYoungGen      total 159744K, used 13815K [0x00000000e0000000, 0x00000000ed580000, 0x0000000100000000)
  eden space 145920K, 0% used [0x00000000e0000000,0x00000000e0000000,0x00000000e8e80000)
  from space 13824K, 99% used [0x00000000e8e80000,0x00000000e9bfde30,0x00000000e9c00000)
  to   space 18432K, 0% used [0x00000000ec380000,0x00000000ec380000,0x00000000ed580000)
 ParOldGen       total 84480K, used 26562K [0x00000000a0000000, 0x00000000a5280000, 0x00000000e0000000)
  object space 84480K, 31% used [0x00000000a0000000,0x00000000a19f08d0,0x00000000a5280000)
 Metaspace       used 57574K, capacity 58982K, committed 59028K, reserved 1099776K
  class space    used 7787K, capacity 8148K, committed 8192K, reserved 1048576K
}
Event: 35.148 GC heap before
{Heap before GC invocations=14 (full 3):
 PSYoungGen      total 159744K, used 13815K [0x00000000e0000000, 0x00000000ed580000, 0x0000000100000000)
  eden space 145920K, 0% used [0x00000000e0000000,0x00000000e0000000,0x00000000e8e80000)
  from space 13824K, 99% used [0x00000000e8e80000,0x00000000e9bfde30,0x00000000e9c00000)
  to   space 18432K, 0% used [0x00000000ec380000,0x00000000ec380000,0x00000000ed580000)
 ParOldGen       total 84480K, used 26562K [0x00000000a0000000, 0x00000000a5280000, 0x00000000e0000000)
  object space 84480K, 31% used [0x00000000a0000000,0x00000000a19f08d0,0x00000000a5280000)
 Metaspace       used 57574K, capacity 58982K, committed 59028K, reserved 1099776K
  class space    used 7787K, capacity 8148K, committed 8192K, reserved 1048576K
Event: 35.940 GC heap after
Heap after GC invocations=14 (full 3):
 PSYoungGen      total 159744K, used 0K [0x00000000e0000000, 0x00000000ed580000, 0x0000000100000000)
  eden space 145920K, 0% used [0x00000000e0000000,0x00000000e0000000,0x00000000e8e80000)
  from space 13824K, 0% used [0x00000000e8e80000,0x00000000e8e80000,0x00000000e9c00000)
  to   space 18432K, 0% used [0x00000000ec380000,0x00000000ec380000,0x00000000ed580000)
 ParOldGen       total 131584K, used 34734K [0x00000000a0000000, 0x00000000a8080000, 0x00000000e0000000)
  object space 131584K, 26% used [0x00000000a0000000,0x00000000a21eb9b0,0x00000000a8080000)
 Metaspace       used 57574K, capacity 58982K, committed 59028K, reserved 1099776K
  class space    used 7787K, capacity 8148K, committed 8192K, reserved 1048576K
}

Deoptimization events (10 events):
Event: 41.113 Thread 0x000000001cbbc000 Uncommon trap: reason=unstable_if action=reinterpret pc=0x0000000003847fd4 method=java.util.concurrent.ConcurrentHashMap.addCount(JI)V @ 97
Event: 41.114 Thread 0x000000001cbbd000 Uncommon trap: reason=unstable_if action=reinterpret pc=0x0000000003816f0c method=java.util.concurrent.ConcurrentHashMap.addCount(JI)V @ 97
Event: 41.275 Thread 0x000000001cbc7800 Uncommon trap: reason=unstable_if action=reinterpret pc=0x00000000037d78fc method=com.sun.org.apache.xerces.internal.impl.XMLEntityScanner.skipSpaces()Z @ 85
Event: 41.282 Thread 0x000000001cbc7800 Uncommon trap: reason=unstable_if action=reinterpret pc=0x00000000037577e8 method=java.util.regex.Pattern$GroupTail.match(Ljava/util/regex/Matcher;ILjava/lang/CharSequence;)Z @ 73
Event: 41.283 Thread 0x000000001cbc7800 Uncommon trap: reason=unstable_if action=reinterpret pc=0x00000000037d6e6c method=com.sun.org.apache.xerces.internal.impl.XMLEntityScanner.peekChar()I @ 51
Event: 41.283 Thread 0x000000001cbc7800 Uncommon trap: reason=unstable_if action=reinterpret pc=0x00000000037646e4 method=com.sun.org.apache.xerces.internal.impl.XMLEntityScanner.scanContent(Lcom/sun/org/apache/xerces/internal/xni/XMLString;)I @ 127
Event: 41.850 Thread 0x000000001cbc7800 Uncommon trap: reason=bimorphic action=maybe_recompile pc=0x0000000003b3f60c method=java.util.Arrays.binarySearch0([Ljava/lang/Object;IILjava/lang/Object;Ljava/util/Comparator;)I @ 48
Event: 41.850 Thread 0x000000001cbc7800 Uncommon trap: reason=bimorphic action=maybe_recompile pc=0x0000000003b3f60c method=java.util.Arrays.binarySearch0([Ljava/lang/Object;IILjava/lang/Object;Ljava/util/Comparator;)I @ 48
Event: 41.850 Thread 0x000000001cbba800 Uncommon trap: reason=bimorphic action=maybe_recompile pc=0x0000000003b3f60c method=java.util.Arrays.binarySearch0([Ljava/lang/Object;IILjava/lang/Object;Ljava/util/Comparator;)I @ 48
Event: 41.850 Thread 0x000000001cbba800 Uncommon trap: reason=bimorphic action=maybe_recompile pc=0x0000000003b3f60c method=java.util.Arrays.binarySearch0([Ljava/lang/Object;IILjava/lang/Object;Ljava/util/Comparator;)I @ 48

Classes redefined (0 events):
No events

Internal exceptions (10 events):
Event: 34.745 Thread 0x000000001870a800 Exception <a 'java/lang/NoSuchMethodError': java.lang.Object.lambda$static$1(Ljava/util/Set;Ljava/util/Set;)Z> (0x00000000e7694428) thrown at [D:\src\AOSP-openjdk-cygwin\jdk8u\hotspot\src\share\vm\interpreter\linkResolver.cpp, line 584]
Event: 34.747 Thread 0x000000001870a800 Exception <a 'java/lang/NoSuchMethodError': java.lang.Object.lambda$static$2(Ljava/util/Set;Ljava/util/Set;)Z> (0x00000000e7696d80) thrown at [D:\src\AOSP-openjdk-cygwin\jdk8u\hotspot\src\share\vm\interpreter\linkResolver.cpp, line 584]
Event: 34.760 Thread 0x000000001870a800 Exception <a 'java/lang/NoSuchMethodError': java.lang.Object.lambda$static$3(Ljava/util/Set;Ljava/util/Set;)Z> (0x00000000e76996d8) thrown at [D:\src\AOSP-openjdk-cygwin\jdk8u\hotspot\src\share\vm\interpreter\linkResolver.cpp, line 584]
Event: 37.331 Thread 0x000000001871e000 Exception <a 'java/lang/NoSuchMethodError': <clinit>> (0x00000000e13be6e0) thrown at [D:\src\AOSP-openjdk-cygwin\jdk8u\hotspot\src\share\vm\prims\jni.cpp, line 1613]
Event: 37.333 Thread 0x000000001871e000 Exception <a 'java/lang/NoSuchMethodError': <clinit>> (0x00000000e13ca358) thrown at [D:\src\AOSP-openjdk-cygwin\jdk8u\hotspot\src\share\vm\prims\jni.cpp, line 1613]
Event: 37.335 Thread 0x000000001871e000 Exception <a 'java/lang/NoSuchMethodError': <clinit>> (0x00000000e13d6840) thrown at [D:\src\AOSP-openjdk-cygwin\jdk8u\hotspot\src\share\vm\prims\jni.cpp, line 1613]
Event: 37.380 Thread 0x000000001871e000 Exception <a 'java/lang/NoSuchMethodError': <clinit>> (0x00000000e13e1438) thrown at [D:\src\AOSP-openjdk-cygwin\jdk8u\hotspot\src\share\vm\prims\jni.cpp, line 1613]
Event: 37.382 Thread 0x000000001871e000 Exception <a 'java/lang/NoSuchMethodError': <clinit>> (0x00000000e13f25c0) thrown at [D:\src\AOSP-openjdk-cygwin\jdk8u\hotspot\src\share\vm\prims\jni.cpp, line 1613]
Event: 37.383 Thread 0x000000001871e000 Exception <a 'java/lang/NoSuchMethodError': <clinit>> (0x00000000e13f40d8) thrown at [D:\src\AOSP-openjdk-cygwin\jdk8u\hotspot\src\share\vm\prims\jni.cpp, line 1613]
Event: 41.232 Thread 0x000000001871e000 Exception <a 'java/lang/NoSuchMethodError': <clinit>> (0x00000000e3d751f8) thrown at [D:\src\AOSP-openjdk-cygwin\jdk8u\hotspot\src\share\vm\prims\jni.cpp, line 1613]

Events (10 events):
Event: 41.850 Thread 0x000000001cbc7800 DEOPT UNPACKING pc=0x0000000002a1557b sp=0x000000002380b6a8 mode 2
Event: 41.850 Thread 0x000000001cbc7800 Uncommon trap: trap_request=0xffffffc6 fr.pc=0x0000000003b3f60c
Event: 41.850 Thread 0x000000001cbc7800 DEOPT PACKING pc=0x0000000003b3f60c sp=0x000000002380b710
Event: 41.850 Thread 0x000000001cbc7800 DEOPT UNPACKING pc=0x0000000002a1557b sp=0x000000002380b6a8 mode 2
Event: 41.850 Thread 0x000000001cbba800 Uncommon trap: trap_request=0xffffffc6 fr.pc=0x0000000003b3f60c
Event: 41.850 Thread 0x000000001cbba800 DEOPT PACKING pc=0x0000000003b3f60c sp=0x00000000211de450
Event: 41.850 Thread 0x000000001cbba800 DEOPT UNPACKING pc=0x0000000002a1557b sp=0x00000000211de3e8 mode 2
Event: 41.850 Thread 0x000000001cbba800 Uncommon trap: trap_request=0xffffffc6 fr.pc=0x0000000003b3f60c
Event: 41.850 Thread 0x000000001cbba800 DEOPT PACKING pc=0x0000000003b3f60c sp=0x00000000211de450
Event: 41.850 Thread 0x000000001cbba800 DEOPT UNPACKING pc=0x0000000002a1557b sp=0x00000000211de3e8 mode 2


Dynamic libraries:
0x00007ff7e9960000 - 0x00007ff7e9991000 	C:\Program Files\Android\Android Studio\jre\bin\java.exe
0x00007ff8a8a20000 - 0x00007ff8a8c0d000 	C:\WINDOWS\SYSTEM32\ntdll.dll
0x00007ff8a5d00000 - 0x00007ff8a5db3000 	C:\WINDOWS\System32\KERNEL32.DLL
0x00007ff8a4c70000 - 0x00007ff8a4f03000 	C:\WINDOWS\System32\KERNELBASE.dll
0x00007ff8a88a0000 - 0x00007ff8a8943000 	C:\WINDOWS\System32\ADVAPI32.dll
0x00007ff8a8950000 - 0x00007ff8a89ee000 	C:\WINDOWS\System32\msvcrt.dll
0x00007ff8a8320000 - 0x00007ff8a83be000 	C:\WINDOWS\System32\sechost.dll
0x00007ff8a83c0000 - 0x00007ff8a84e2000 	C:\WINDOWS\System32\RPCRT4.dll
0x00007ff8a8700000 - 0x00007ff8a8897000 	C:\WINDOWS\System32\USER32.dll
0x00007ff8a5c30000 - 0x00007ff8a5c50000 	C:\WINDOWS\System32\win32u.dll
0x00007ff8a61e0000 - 0x00007ff8a6209000 	C:\WINDOWS\System32\GDI32.dll
0x00007ff8a5950000 - 0x00007ff8a5aea000 	C:\WINDOWS\System32\gdi32full.dll
0x00007ff8a4f10000 - 0x00007ff8a4fb0000 	C:\WINDOWS\System32\msvcp_win.dll
0x00007ff8a4af0000 - 0x00007ff8a4bea000 	C:\WINDOWS\System32\ucrtbase.dll
0x00007ff89c630000 - 0x00007ff89c8a9000 	C:\WINDOWS\WinSxS\amd64_microsoft.windows.common-controls_6595b64144ccf1df_6.0.17763.557_none_05b63f68071e5b9f\COMCTL32.dll
0x00007ff8a77b0000 - 0x00007ff8a7adc000 	C:\WINDOWS\System32\combase.dll
0x00007ff8a4bf0000 - 0x00007ff8a4c6e000 	C:\WINDOWS\System32\bcryptPrimitives.dll
0x00007ff8a6220000 - 0x00007ff8a624e000 	C:\WINDOWS\System32\IMM32.DLL
0x000000005c7b0000 - 0x000000005c882000 	C:\Program Files\Android\Android Studio\jre\jre\bin\msvcr100.dll
0x000000005c890000 - 0x000000005d0d1000 	C:\Program Files\Android\Android Studio\jre\jre\bin\server\jvm.dll
0x00007ff8a6210000 - 0x00007ff8a6218000 	C:\WINDOWS\System32\PSAPI.DLL
0x00007ff88ebe0000 - 0x00007ff88ebe9000 	C:\WINDOWS\SYSTEM32\WSOCK32.dll
0x00007ff8a0d30000 - 0x00007ff8a0d54000 	C:\WINDOWS\SYSTEM32\WINMM.dll
0x00007ff89fbe0000 - 0x00007ff89fbea000 	C:\WINDOWS\SYSTEM32\VERSION.dll
0x00007ff8a7740000 - 0x00007ff8a77ad000 	C:\WINDOWS\System32\WS2_32.dll
0x00007ff8a0d00000 - 0x00007ff8a0d2d000 	C:\WINDOWS\SYSTEM32\winmmbase.dll
0x00007ff8a5900000 - 0x00007ff8a594a000 	C:\WINDOWS\System32\cfgmgr32.dll
0x00007ff89ae00000 - 0x00007ff89ae0f000 	C:\Program Files\Android\Android Studio\jre\jre\bin\verify.dll
0x00007ff892e70000 - 0x00007ff892e99000 	C:\Program Files\Android\Android Studio\jre\jre\bin\java.dll
0x00007ff897100000 - 0x00007ff897116000 	C:\Program Files\Android\Android Studio\jre\jre\bin\zip.dll
0x00007ff8a6250000 - 0x00007ff8a7740000 	C:\WINDOWS\System32\SHELL32.dll
0x00007ff8a5c50000 - 0x00007ff8a5cf8000 	C:\WINDOWS\System32\shcore.dll
0x00007ff8a4fb0000 - 0x00007ff8a56fa000 	C:\WINDOWS\System32\windows.storage.dll
0x00007ff8a4ac0000 - 0x00007ff8a4ae4000 	C:\WINDOWS\System32\profapi.dll
0x00007ff8a4a40000 - 0x00007ff8a4a9d000 	C:\WINDOWS\System32\powrprof.dll
0x00007ff8a84f0000 - 0x00007ff8a8542000 	C:\WINDOWS\System32\shlwapi.dll
0x00007ff8a4a20000 - 0x00007ff8a4a31000 	C:\WINDOWS\System32\kernel.appcore.dll
0x00007ff8a58e0000 - 0x00007ff8a58f7000 	C:\WINDOWS\System32\cryptsp.dll
0x00007ff892480000 - 0x00007ff89249a000 	C:\Program Files\Android\Android Studio\jre\jre\bin\net.dll
0x00007ff8a3ec0000 - 0x00007ff8a3f27000 	C:\WINDOWS\system32\mswsock.dll
0x00007ff88da60000 - 0x00007ff88da71000 	C:\Program Files\Android\Android Studio\jre\jre\bin\nio.dll
0x00007ff89ab60000 - 0x00007ff89ab7e000 	C:\Users\ADMIN\.gradle\native\25\windows-amd64\native-platform.dll
0x00007ff89adf0000 - 0x00007ff89adfd000 	C:\Program Files\Android\Android Studio\jre\jre\bin\management.dll
0x00007ff8a3a80000 - 0x00007ff8a3ab3000 	C:\WINDOWS\system32\rsaenh.dll
0x00007ff8a5af0000 - 0x00007ff8a5b16000 	C:\WINDOWS\System32\bcrypt.dll
0x00007ff8a4950000 - 0x00007ff8a4978000 	C:\WINDOWS\SYSTEM32\USERENV.dll
0x00007ff8a4090000 - 0x00007ff8a409c000 	C:\WINDOWS\SYSTEM32\CRYPTBASE.dll
0x00007ff8a3c20000 - 0x00007ff8a3c5d000 	C:\WINDOWS\SYSTEM32\IPHLPAPI.DLL
0x00007ff8a5e20000 - 0x00007ff8a5e28000 	C:\WINDOWS\System32\NSI.dll
0x00007ff8a2fd0000 - 0x00007ff8a2fe6000 	C:\WINDOWS\SYSTEM32\dhcpcsvc6.DLL
0x00007ff8a2fb0000 - 0x00007ff8a2fcc000 	C:\WINDOWS\SYSTEM32\dhcpcsvc.DLL
0x00007ff8a3c60000 - 0x00007ff8a3d26000 	C:\WINDOWS\SYSTEM32\DNSAPI.dll

VM Arguments:
jvm_args: -Xmx1536m -Dfile.encoding=windows-1252 -Duser.country=US -Duser.language=en -Duser.variant 
java_command: org.gradle.launcher.daemon.bootstrap.GradleDaemon 5.1.1
java_class_path (initial): C:\Users\ADMIN\.gradle\wrapper\dists\gradle-5.1.1-all\97z1ksx6lirer3kbvdnh7jtjg\gradle-5.1.1\lib\gradle-launcher-5.1.1.jar
Launcher Type: SUN_STANDARD

Environment Variables:
PATH=C:\Program Files (x86)\Intel\iCLS Client\;C:\Program Files (x86)\Common Files\Oracle\Java\javapath;C:\Program Files\Intel\iCLS Client\;C:\Windows\system32;C:\Windows;C:\Windows\System32\Wbem;C:\Windows\System32\WindowsPowerShell\v1.0\;C:\Program Files (x86)\NVIDIA Corporation\PhysX\Common;C:\WINDOWS\system32;C:\WINDOWS;C:\WINDOWS\System32\Wbem;C:\WINDOWS\System32\WindowsPowerShell\v1.0\;C:\Program Files (x86)\Microsoft SQL Server\100\Tools\Binn\;C:\Program Files\Microsoft SQL Server\100\Tools\Binn\;C:\Program Files\Microsoft SQL Server\100\DTS\Binn\;C:\Program Files (x86)\Microsoft SQL Server\100\Tools\Binn\VSShell\Common7\IDE\;C:\Program Files (x86)\Microsoft SQL Server\100\DTS\Binn\;C:\Program Files (x86)\Microsoft Visual Studio 9.0\Common7\IDE\PrivateAssemblies\;C:\WINDOWS\System32\OpenSSH\;C:\Program Files (x86)\Intel\Intel(R) Management Engine Components\DAL;C:\Program Files\Intel\Intel(R) Management Engine Components\DAL;C:\Program Files (x86)\Intel\Intel(R) Management Engine Components\IPT;C:\Program Files\Intel\Intel(R) Management Engine Components\IPT;C:\Program Files\NVIDIA Corporation\NVIDIA NvDLISR;C:\Program Files\Intel\WiFi\bin\;C:\Program Files\Common Files\Intel\WirelessCommon\;C:\WINDOWS\system32;C:\WINDOWS;C:\WINDOWS\System32\Wbem;C:\WINDOWS\System32\WindowsPowerShell\v1.0\;C:\WINDOWS\System32\OpenSSH\;C:\Program Files\Git\cmd;C:\xampp\php;C:\ProgramData\ComposerSetup\bin;C:\Program Files\nodejs\;C:\Users\ADMIN\AppData\Local\Programs\Python\Python37-32\Scripts\;C:\Users\ADMIN\AppData\Local\Programs\Python\Python37-32\;C:\Users\ADMIN\AppData\Local\Microsoft\WindowsApps;C:\Users\ADMIN\AppData\Local\atom\bin;c:\Program Files\Intel\WiFi\bin\;c:\Program Files\Common Files\Intel\WirelessCommon\;C:\Users\ADMIN\AppData\Local\Microsoft\WindowsApps;C:\Users\ADMIN\AppData\Roaming\Composer\vendor\bin;C:\Users\ADMIN\AppData\Local\Programs\Microsoft VS Code\bin;C:\Users\ADMIN\AppData\Roaming\npm;C:\Program Files\JetBrains\PyCharm 2019.1.2\bin
USERNAME=W.EUGENE.A
OS=Windows_NT
PROCESSOR_IDENTIFIER=Intel64 Family 6 Model 142 Stepping 9, GenuineIntel



---------------  S Y S T E M  ---------------

OS: Windows 10.0 , 64 bit Build 17763 (10.0.17763.475)

CPU:total 4 (initial active 4) (2 cores per cpu, 2 threads per core) family 6 model 142 stepping 9, cmov, cx8, fxsr, mmx, sse, sse2, sse3, ssse3, sse4.1, sse4.2, popcnt, avx, avx2, aes, clmul, erms, 3dnowpref, lzcnt, ht, tsc, tscinvbit, bmi1, bmi2, adx

Memory: 4k page, physical 8271076k(1026688k free), swap 13391076k(5120k free)

vm_info: OpenJDK 64-Bit Server VM (25.152-b01) for windows-amd64 JRE (1.8.0_152-release-1343-b01), built by "builder" with MS VC++ 10.0 (VS2010)

time: Tue Jul 02 16:57:54 2019
elapsed time: 41 seconds (0d 0h 0m 41s)

